   0  $accept : Program $end

   1  Program : ClassList

   2  ClassList : ClassList ClassDef
   3            | ClassDef

   4  VariableDef : Variable ';'

   5  Variable : Type IDENTIFIER

   6  Type : INT
   7       | VOID
   8       | BOOL
   9       | STRING
  10       | CLASS IDENTIFIER
  11       | Type '[' ']'

  12  ClassDef : CLASS IDENTIFIER ExtendsClause '{' FieldList '}'
  13           | SEALED CLASS IDENTIFIER ExtendsClause '{' FieldList '}'

  14  ExtendsClause : EXTENDS IDENTIFIER
  15                |

  16  FieldList : FieldList VariableDef
  17            | FieldList FunctionDef
  18            |

  19  Formals : VariableList
  20          |

  21  VariableList : VariableList ',' Variable
  22               | Variable

  23  FunctionDef : STATIC Type IDENTIFIER '(' Formals ')' StmtBlock
  24              | Type IDENTIFIER '(' Formals ')' StmtBlock

  25  StmtBlock : '{' StmtList '}'

  26  StmtList : StmtList Stmt
  27           |

  28  Stmt : VariableDef
  29       | SimpleStmt ';'
  30       | IfStmt
  31       | WhileStmt
  32       | ForStmt
  33       | ReturnStmt ';'
  34       | PrintStmt ';'
  35       | BreakStmt ';'
  36       | StmtBlock
  37       | OCStmt
  38       | GuardedStmt
  39       | ForeachStmt

  40  ForeachStmt : FOREACH '(' BoundVariable IN Expr WhileExpr ')' Stmt

  41  WhileExpr : WHILE Expr
  42            |

  43  BoundVariable : VAR IDENTIFIER
  44                | Type IDENTIFIER

  45  GuardedStmt : IF '{' IfBranchList '}'

  46  IfBranchList : IfBranchList SERIESE_OP IfSubStmt
  47               | IfSubStmt
  48               |

  49  IfSubStmt : Expr ':' Stmt

  50  SimpleStmt : LValue '=' Expr
  51             | Call
  52             |

  53  Receiver : Expr '.'
  54           |

  55  LValue : Receiver IDENTIFIER
  56         | Expr '[' Expr ']'
  57         | VAR IDENTIFIER

  58  Call : Receiver IDENTIFIER '(' Actuals ')'

  59  Expr : LValue
  60       | Call
  61       | Constant
  62       | Expr DOUBLEPLUS Expr
  63       | Expr '+' Expr
  64       | Expr '-' Expr
  65       | Expr '*' Expr
  66       | Expr '/' Expr
  67       | Expr '%' Expr
  68       | Expr EQUAL Expr
  69       | Expr NOT_EQUAL Expr
  70       | Expr '<' Expr
  71       | Expr '>' Expr
  72       | Expr LESS_EQUAL Expr
  73       | Expr GREATER_EQUAL Expr
  74       | Expr AND Expr
  75       | Expr OR Expr
  76       | '(' Expr ')'
  77       | '-' Expr
  78       | '!' Expr
  79       | READ_INTEGER '(' ')'
  80       | READ_LINE '(' ')'
  81       | THIS
  82       | NEW IDENTIFIER '(' ')'
  83       | NEW Type '[' Expr ']'
  84       | INSTANCEOF '(' Expr ',' IDENTIFIER ')'
  85       | '(' CLASS IDENTIFIER ')' Expr
  86       | Expr ORIGIN Expr
  87       | Expr '[' Expr ':' Expr ']'
  88       | Expr '[' Expr ']' DEFAULT Expr
  89       | '[' Expr FOR IDENTIFIER IN Expr BoolExpr ']'

  90  BoolExpr : IF Expr
  91           |

  92  Constant : LITERAL
  93           | NULL
  94           | '[' ConstantList ']'

  95  ConstantList : ConstantList ',' Constant
  96               | Constant
  97               |

  98  Actuals : ExprList
  99          |

 100  ExprList : ExprList ',' Expr
 101           | Expr

 102  WhileStmt : WHILE '(' Expr ')' Stmt

 103  ForStmt : FOR '(' SimpleStmt ';' Expr ';' SimpleStmt ')' Stmt

 104  BreakStmt : BREAK

 105  IfStmt : IF '(' Expr ')' Stmt ElseClause

 106  ElseClause : ELSE Stmt
 107             |

 108  ReturnStmt : RETURN Expr
 109             | RETURN

 110  PrintStmt : PRINT '(' ExprList ')'

 111  OCStmt : SCOPY '(' IDENTIFIER ',' Expr ')'

state 0
	$accept : . Program $end  (0)

	CLASS  shift 1
	SEALED  shift 2
	.  error

	Program  goto 3
	ClassList  goto 4
	ClassDef  goto 5


state 1
	ClassDef : CLASS . IDENTIFIER ExtendsClause '{' FieldList '}'  (12)

	IDENTIFIER  shift 6
	.  error


state 2
	ClassDef : SEALED . CLASS IDENTIFIER ExtendsClause '{' FieldList '}'  (13)

	CLASS  shift 7
	.  error


state 3
	$accept : Program . $end  (0)

	$end  accept


state 4
	Program : ClassList .  (1)
	ClassList : ClassList . ClassDef  (2)

	CLASS  shift 1
	SEALED  shift 2
	$end  reduce 1

	ClassDef  goto 8


state 5
	ClassList : ClassDef .  (3)

	.  reduce 3


state 6
	ClassDef : CLASS IDENTIFIER . ExtendsClause '{' FieldList '}'  (12)
	ExtendsClause : .  (15)

	EXTENDS  shift 9
	'{'  reduce 15

	ExtendsClause  goto 10


state 7
	ClassDef : SEALED CLASS . IDENTIFIER ExtendsClause '{' FieldList '}'  (13)

	IDENTIFIER  shift 11
	.  error


state 8
	ClassList : ClassList ClassDef .  (2)

	.  reduce 2


state 9
	ExtendsClause : EXTENDS . IDENTIFIER  (14)

	IDENTIFIER  shift 12
	.  error


state 10
	ClassDef : CLASS IDENTIFIER ExtendsClause . '{' FieldList '}'  (12)

	'{'  shift 13
	.  error


state 11
	ClassDef : SEALED CLASS IDENTIFIER . ExtendsClause '{' FieldList '}'  (13)
	ExtendsClause : .  (15)

	EXTENDS  shift 9
	'{'  reduce 15

	ExtendsClause  goto 14


state 12
	ExtendsClause : EXTENDS IDENTIFIER .  (14)

	.  reduce 14


state 13
	ClassDef : CLASS IDENTIFIER ExtendsClause '{' . FieldList '}'  (12)
	FieldList : .  (18)

	.  reduce 18

	FieldList  goto 15


state 14
	ClassDef : SEALED CLASS IDENTIFIER ExtendsClause . '{' FieldList '}'  (13)

	'{'  shift 16
	.  error


state 15
	ClassDef : CLASS IDENTIFIER ExtendsClause '{' FieldList . '}'  (12)
	FieldList : FieldList . VariableDef  (16)
	FieldList : FieldList . FunctionDef  (17)

	VOID  shift 17
	BOOL  shift 18
	INT  shift 19
	STRING  shift 20
	CLASS  shift 21
	STATIC  shift 22
	'}'  shift 23
	.  error

	VariableDef  goto 24
	Variable  goto 25
	Type  goto 26
	FunctionDef  goto 27


state 16
	ClassDef : SEALED CLASS IDENTIFIER ExtendsClause '{' . FieldList '}'  (13)
	FieldList : .  (18)

	.  reduce 18

	FieldList  goto 28


state 17
	Type : VOID .  (7)

	.  reduce 7


state 18
	Type : BOOL .  (8)

	.  reduce 8


state 19
	Type : INT .  (6)

	.  reduce 6


state 20
	Type : STRING .  (9)

	.  reduce 9


state 21
	Type : CLASS . IDENTIFIER  (10)

	IDENTIFIER  shift 29
	.  error


state 22
	FunctionDef : STATIC . Type IDENTIFIER '(' Formals ')' StmtBlock  (23)

	VOID  shift 17
	BOOL  shift 18
	INT  shift 19
	STRING  shift 20
	CLASS  shift 21
	.  error

	Type  goto 30


state 23
	ClassDef : CLASS IDENTIFIER ExtendsClause '{' FieldList '}' .  (12)

	.  reduce 12


state 24
	FieldList : FieldList VariableDef .  (16)

	.  reduce 16


state 25
	VariableDef : Variable . ';'  (4)

	';'  shift 31
	.  error


state 26
	Variable : Type . IDENTIFIER  (5)
	Type : Type . '[' ']'  (11)
	FunctionDef : Type . IDENTIFIER '(' Formals ')' StmtBlock  (24)

	IDENTIFIER  shift 32
	'['  shift 33
	.  error


state 27
	FieldList : FieldList FunctionDef .  (17)

	.  reduce 17


state 28
	ClassDef : SEALED CLASS IDENTIFIER ExtendsClause '{' FieldList . '}'  (13)
	FieldList : FieldList . VariableDef  (16)
	FieldList : FieldList . FunctionDef  (17)

	VOID  shift 17
	BOOL  shift 18
	INT  shift 19
	STRING  shift 20
	CLASS  shift 21
	STATIC  shift 22
	'}'  shift 34
	.  error

	VariableDef  goto 24
	Variable  goto 25
	Type  goto 26
	FunctionDef  goto 27


state 29
	Type : CLASS IDENTIFIER .  (10)

	.  reduce 10


state 30
	Type : Type . '[' ']'  (11)
	FunctionDef : STATIC Type . IDENTIFIER '(' Formals ')' StmtBlock  (23)

	IDENTIFIER  shift 35
	'['  shift 33
	.  error


state 31
	VariableDef : Variable ';' .  (4)

	.  reduce 4


state 32
	Variable : Type IDENTIFIER .  (5)
	FunctionDef : Type IDENTIFIER . '(' Formals ')' StmtBlock  (24)

	'('  shift 36
	';'  reduce 5


state 33
	Type : Type '[' . ']'  (11)

	']'  shift 37
	.  error


state 34
	ClassDef : SEALED CLASS IDENTIFIER ExtendsClause '{' FieldList '}' .  (13)

	.  reduce 13


state 35
	FunctionDef : STATIC Type IDENTIFIER . '(' Formals ')' StmtBlock  (23)

	'('  shift 38
	.  error


state 36
	FunctionDef : Type IDENTIFIER '(' . Formals ')' StmtBlock  (24)
	Formals : .  (20)

	VOID  shift 17
	BOOL  shift 18
	INT  shift 19
	STRING  shift 20
	CLASS  shift 21
	')'  reduce 20

	Variable  goto 39
	Type  goto 40
	Formals  goto 41
	VariableList  goto 42


state 37
	Type : Type '[' ']' .  (11)

	.  reduce 11


state 38
	FunctionDef : STATIC Type IDENTIFIER '(' . Formals ')' StmtBlock  (23)
	Formals : .  (20)

	VOID  shift 17
	BOOL  shift 18
	INT  shift 19
	STRING  shift 20
	CLASS  shift 21
	')'  reduce 20

	Variable  goto 39
	Type  goto 40
	Formals  goto 43
	VariableList  goto 42


state 39
	VariableList : Variable .  (22)

	.  reduce 22


state 40
	Variable : Type . IDENTIFIER  (5)
	Type : Type . '[' ']'  (11)

	IDENTIFIER  shift 44
	'['  shift 33
	.  error


state 41
	FunctionDef : Type IDENTIFIER '(' Formals . ')' StmtBlock  (24)

	')'  shift 45
	.  error


state 42
	Formals : VariableList .  (19)
	VariableList : VariableList . ',' Variable  (21)

	','  shift 46
	')'  reduce 19


state 43
	FunctionDef : STATIC Type IDENTIFIER '(' Formals . ')' StmtBlock  (23)

	')'  shift 47
	.  error


state 44
	Variable : Type IDENTIFIER .  (5)

	.  reduce 5


state 45
	FunctionDef : Type IDENTIFIER '(' Formals ')' . StmtBlock  (24)

	'{'  shift 48
	.  error

	StmtBlock  goto 49


state 46
	VariableList : VariableList ',' . Variable  (21)

	VOID  shift 17
	BOOL  shift 18
	INT  shift 19
	STRING  shift 20
	CLASS  shift 21
	.  error

	Variable  goto 50
	Type  goto 40


state 47
	FunctionDef : STATIC Type IDENTIFIER '(' Formals ')' . StmtBlock  (23)

	'{'  shift 48
	.  error

	StmtBlock  goto 51


state 48
	StmtBlock : '{' . StmtList '}'  (25)
	StmtList : .  (27)

	.  reduce 27

	StmtList  goto 52


state 49
	FunctionDef : Type IDENTIFIER '(' Formals ')' StmtBlock .  (24)

	.  reduce 24


state 50
	VariableList : VariableList ',' Variable .  (21)

	.  reduce 21


state 51
	FunctionDef : STATIC Type IDENTIFIER '(' Formals ')' StmtBlock .  (23)

	.  reduce 23


state 52
	StmtBlock : '{' StmtList . '}'  (25)
	StmtList : StmtList . Stmt  (26)
	SimpleStmt : .  (52)
	Receiver : .  (54)

	VOID  shift 17
	BOOL  shift 18
	INT  shift 19
	STRING  shift 20
	CLASS  shift 21
	NULL  shift 53
	THIS  shift 54
	WHILE  shift 55
	FOR  shift 56
	IF  shift 57
	RETURN  shift 58
	BREAK  shift 59
	NEW  shift 60
	PRINT  shift 61
	READ_INTEGER  shift 62
	READ_LINE  shift 63
	LITERAL  shift 64
	INSTANCEOF  shift 65
	'-'  shift 66
	'!'  shift 67
	'('  shift 68
	'['  shift 69
	'{'  shift 48
	'}'  shift 70
	SCOPY  shift 71
	VAR  shift 72
	FOREACH  shift 73
	IDENTIFIER  reduce 54
	';'  reduce 52

	VariableDef  goto 74
	Variable  goto 25
	Type  goto 40
	StmtBlock  goto 75
	Stmt  goto 76
	SimpleStmt  goto 77
	IfStmt  goto 78
	WhileStmt  goto 79
	ForStmt  goto 80
	ReturnStmt  goto 81
	PrintStmt  goto 82
	BreakStmt  goto 83
	OCStmt  goto 84
	GuardedStmt  goto 85
	ForeachStmt  goto 86
	Expr  goto 87
	LValue  goto 88
	Call  goto 89
	Receiver  goto 90
	Constant  goto 91


state 53
	Constant : NULL .  (93)

	.  reduce 93


state 54
	Expr : THIS .  (81)

	.  reduce 81


state 55
	WhileStmt : WHILE . '(' Expr ')' Stmt  (102)

	'('  shift 92
	.  error


state 56
	ForStmt : FOR . '(' SimpleStmt ';' Expr ';' SimpleStmt ')' Stmt  (103)

	'('  shift 93
	.  error


state 57
	GuardedStmt : IF . '{' IfBranchList '}'  (45)
	IfStmt : IF . '(' Expr ')' Stmt ElseClause  (105)

	'('  shift 94
	'{'  shift 95
	.  error


state 58
	ReturnStmt : RETURN . Expr  (108)
	ReturnStmt : RETURN .  (109)
	Receiver : .  (54)

	NULL  shift 53
	THIS  shift 54
	NEW  shift 60
	READ_INTEGER  shift 62
	READ_LINE  shift 63
	LITERAL  shift 64
	INSTANCEOF  shift 65
	'-'  shift 66
	'!'  shift 67
	'('  shift 68
	'['  shift 69
	VAR  shift 72
	IDENTIFIER  reduce 54
	';'  reduce 109

	Expr  goto 96
	LValue  goto 97
	Call  goto 98
	Receiver  goto 90
	Constant  goto 91


state 59
	BreakStmt : BREAK .  (104)

	.  reduce 104


state 60
	Expr : NEW . IDENTIFIER '(' ')'  (82)
	Expr : NEW . Type '[' Expr ']'  (83)

	VOID  shift 17
	BOOL  shift 18
	INT  shift 19
	STRING  shift 20
	CLASS  shift 21
	IDENTIFIER  shift 99
	.  error

	Type  goto 100


state 61
	PrintStmt : PRINT . '(' ExprList ')'  (110)

	'('  shift 101
	.  error


state 62
	Expr : READ_INTEGER . '(' ')'  (79)

	'('  shift 102
	.  error


state 63
	Expr : READ_LINE . '(' ')'  (80)

	'('  shift 103
	.  error


state 64
	Constant : LITERAL .  (92)

	.  reduce 92


state 65
	Expr : INSTANCEOF . '(' Expr ',' IDENTIFIER ')'  (84)

	'('  shift 104
	.  error


state 66
	Expr : '-' . Expr  (77)
	Receiver : .  (54)

	NULL  shift 53
	THIS  shift 54
	NEW  shift 60
	READ_INTEGER  shift 62
	READ_LINE  shift 63
	LITERAL  shift 64
	INSTANCEOF  shift 65
	'-'  shift 66
	'!'  shift 67
	'('  shift 68
	'['  shift 69
	VAR  shift 72
	IDENTIFIER  reduce 54

	Expr  goto 105
	LValue  goto 97
	Call  goto 98
	Receiver  goto 90
	Constant  goto 91


state 67
	Expr : '!' . Expr  (78)
	Receiver : .  (54)

	NULL  shift 53
	THIS  shift 54
	NEW  shift 60
	READ_INTEGER  shift 62
	READ_LINE  shift 63
	LITERAL  shift 64
	INSTANCEOF  shift 65
	'-'  shift 66
	'!'  shift 67
	'('  shift 68
	'['  shift 69
	VAR  shift 72
	IDENTIFIER  reduce 54

	Expr  goto 106
	LValue  goto 97
	Call  goto 98
	Receiver  goto 90
	Constant  goto 91


state 68
	Expr : '(' . Expr ')'  (76)
	Expr : '(' . CLASS IDENTIFIER ')' Expr  (85)
	Receiver : .  (54)

	CLASS  shift 107
	NULL  shift 53
	THIS  shift 54
	NEW  shift 60
	READ_INTEGER  shift 62
	READ_LINE  shift 63
	LITERAL  shift 64
	INSTANCEOF  shift 65
	'-'  shift 66
	'!'  shift 67
	'('  shift 68
	'['  shift 69
	VAR  shift 72
	IDENTIFIER  reduce 54

	Expr  goto 108
	LValue  goto 97
	Call  goto 98
	Receiver  goto 90
	Constant  goto 91


state 69
	Expr : '[' . Expr FOR IDENTIFIER IN Expr BoolExpr ']'  (89)
	Constant : '[' . ConstantList ']'  (94)
	Receiver : .  (54)
	ConstantList : .  (97)

	NULL  shift 53
	THIS  shift 54
	NEW  shift 60
	READ_INTEGER  shift 62
	READ_LINE  shift 63
	LITERAL  shift 64
	INSTANCEOF  shift 65
	'-'  shift 66
	'!'  shift 67
	'('  shift 68
	'['  shift 69
	VAR  shift 72
	IDENTIFIER  reduce 54
	','  reduce 97
	']'  reduce 97

	Expr  goto 109
	LValue  goto 97
	Call  goto 98
	Receiver  goto 90
	Constant  goto 110
	ConstantList  goto 111


state 70
	StmtBlock : '{' StmtList '}' .  (25)

	.  reduce 25


state 71
	OCStmt : SCOPY . '(' IDENTIFIER ',' Expr ')'  (111)

	'('  shift 112
	.  error


state 72
	LValue : VAR . IDENTIFIER  (57)

	IDENTIFIER  shift 113
	.  error


state 73
	ForeachStmt : FOREACH . '(' BoundVariable IN Expr WhileExpr ')' Stmt  (40)

	'('  shift 114
	.  error


state 74
	Stmt : VariableDef .  (28)

	.  reduce 28


state 75
	Stmt : StmtBlock .  (36)

	.  reduce 36


state 76
	StmtList : StmtList Stmt .  (26)

	.  reduce 26


state 77
	Stmt : SimpleStmt . ';'  (29)

	';'  shift 115
	.  error


state 78
	Stmt : IfStmt .  (30)

	.  reduce 30


state 79
	Stmt : WhileStmt .  (31)

	.  reduce 31


state 80
	Stmt : ForStmt .  (32)

	.  reduce 32


state 81
	Stmt : ReturnStmt . ';'  (33)

	';'  shift 116
	.  error


state 82
	Stmt : PrintStmt . ';'  (34)

	';'  shift 117
	.  error


state 83
	Stmt : BreakStmt . ';'  (35)

	';'  shift 118
	.  error


state 84
	Stmt : OCStmt .  (37)

	.  reduce 37


state 85
	Stmt : GuardedStmt .  (38)

	.  reduce 38


state 86
	Stmt : ForeachStmt .  (39)

	.  reduce 39


state 87
	Receiver : Expr . '.'  (53)
	LValue : Expr . '[' Expr ']'  (56)
	Expr : Expr . DOUBLEPLUS Expr  (62)
	Expr : Expr . '+' Expr  (63)
	Expr : Expr . '-' Expr  (64)
	Expr : Expr . '*' Expr  (65)
	Expr : Expr . '/' Expr  (66)
	Expr : Expr . '%' Expr  (67)
	Expr : Expr . EQUAL Expr  (68)
	Expr : Expr . NOT_EQUAL Expr  (69)
	Expr : Expr . '<' Expr  (70)
	Expr : Expr . '>' Expr  (71)
	Expr : Expr . LESS_EQUAL Expr  (72)
	Expr : Expr . GREATER_EQUAL Expr  (73)
	Expr : Expr . AND Expr  (74)
	Expr : Expr . OR Expr  (75)
	Expr : Expr . ORIGIN Expr  (86)
	Expr : Expr . '[' Expr ':' Expr ']'  (87)
	Expr : Expr . '[' Expr ']' DEFAULT Expr  (88)

	AND  shift 119
	OR  shift 120
	LESS_EQUAL  shift 121
	GREATER_EQUAL  shift 122
	EQUAL  shift 123
	NOT_EQUAL  shift 124
	'+'  shift 125
	'-'  shift 126
	'*'  shift 127
	'/'  shift 128
	'%'  shift 129
	'>'  shift 130
	'<'  shift 131
	'.'  shift 132
	'['  shift 133
	ORIGIN  shift 134
	DOUBLEPLUS  shift 135
	.  error


state 88
	SimpleStmt : LValue . '=' Expr  (50)
	Expr : LValue .  (59)

	'='  shift 136
	AND  reduce 59
	OR  reduce 59
	LESS_EQUAL  reduce 59
	GREATER_EQUAL  reduce 59
	EQUAL  reduce 59
	NOT_EQUAL  reduce 59
	'+'  reduce 59
	'-'  reduce 59
	'*'  reduce 59
	'/'  reduce 59
	'%'  reduce 59
	'>'  reduce 59
	'<'  reduce 59
	'.'  reduce 59
	'['  reduce 59
	ORIGIN  reduce 59
	DOUBLEPLUS  reduce 59


state 89
	SimpleStmt : Call .  (51)
	Expr : Call .  (60)

	AND  reduce 60
	OR  reduce 60
	LESS_EQUAL  reduce 60
	GREATER_EQUAL  reduce 60
	EQUAL  reduce 60
	NOT_EQUAL  reduce 60
	'+'  reduce 60
	'-'  reduce 60
	'*'  reduce 60
	'/'  reduce 60
	'%'  reduce 60
	'>'  reduce 60
	'<'  reduce 60
	'.'  reduce 60
	';'  reduce 51
	')'  reduce 51
	'['  reduce 60
	ORIGIN  reduce 60
	DOUBLEPLUS  reduce 60


state 90
	LValue : Receiver . IDENTIFIER  (55)
	Call : Receiver . IDENTIFIER '(' Actuals ')'  (58)

	IDENTIFIER  shift 137
	.  error


state 91
	Expr : Constant .  (61)

	.  reduce 61


state 92
	WhileStmt : WHILE '(' . Expr ')' Stmt  (102)
	Receiver : .  (54)

	NULL  shift 53
	THIS  shift 54
	NEW  shift 60
	READ_INTEGER  shift 62
	READ_LINE  shift 63
	LITERAL  shift 64
	INSTANCEOF  shift 65
	'-'  shift 66
	'!'  shift 67
	'('  shift 68
	'['  shift 69
	VAR  shift 72
	IDENTIFIER  reduce 54

	Expr  goto 138
	LValue  goto 97
	Call  goto 98
	Receiver  goto 90
	Constant  goto 91


state 93
	ForStmt : FOR '(' . SimpleStmt ';' Expr ';' SimpleStmt ')' Stmt  (103)
	SimpleStmt : .  (52)
	Receiver : .  (54)

	NULL  shift 53
	THIS  shift 54
	NEW  shift 60
	READ_INTEGER  shift 62
	READ_LINE  shift 63
	LITERAL  shift 64
	INSTANCEOF  shift 65
	'-'  shift 66
	'!'  shift 67
	'('  shift 68
	'['  shift 69
	VAR  shift 72
	IDENTIFIER  reduce 54
	';'  reduce 52

	SimpleStmt  goto 139
	Expr  goto 87
	LValue  goto 88
	Call  goto 89
	Receiver  goto 90
	Constant  goto 91


state 94
	IfStmt : IF '(' . Expr ')' Stmt ElseClause  (105)
	Receiver : .  (54)

	NULL  shift 53
	THIS  shift 54
	NEW  shift 60
	READ_INTEGER  shift 62
	READ_LINE  shift 63
	LITERAL  shift 64
	INSTANCEOF  shift 65
	'-'  shift 66
	'!'  shift 67
	'('  shift 68
	'['  shift 69
	VAR  shift 72
	IDENTIFIER  reduce 54

	Expr  goto 140
	LValue  goto 97
	Call  goto 98
	Receiver  goto 90
	Constant  goto 91


state 95
	GuardedStmt : IF '{' . IfBranchList '}'  (45)
	IfBranchList : .  (48)
	Receiver : .  (54)

	NULL  shift 53
	THIS  shift 54
	NEW  shift 60
	READ_INTEGER  shift 62
	READ_LINE  shift 63
	LITERAL  shift 64
	INSTANCEOF  shift 65
	'-'  shift 66
	'!'  shift 67
	'('  shift 68
	'['  shift 69
	VAR  shift 72
	IDENTIFIER  reduce 54
	'}'  reduce 48
	SERIESE_OP  reduce 48

	Expr  goto 141
	IfBranchList  goto 142
	IfSubStmt  goto 143
	LValue  goto 97
	Call  goto 98
	Receiver  goto 90
	Constant  goto 91


state 96
	Receiver : Expr . '.'  (53)
	LValue : Expr . '[' Expr ']'  (56)
	Expr : Expr . DOUBLEPLUS Expr  (62)
	Expr : Expr . '+' Expr  (63)
	Expr : Expr . '-' Expr  (64)
	Expr : Expr . '*' Expr  (65)
	Expr : Expr . '/' Expr  (66)
	Expr : Expr . '%' Expr  (67)
	Expr : Expr . EQUAL Expr  (68)
	Expr : Expr . NOT_EQUAL Expr  (69)
	Expr : Expr . '<' Expr  (70)
	Expr : Expr . '>' Expr  (71)
	Expr : Expr . LESS_EQUAL Expr  (72)
	Expr : Expr . GREATER_EQUAL Expr  (73)
	Expr : Expr . AND Expr  (74)
	Expr : Expr . OR Expr  (75)
	Expr : Expr . ORIGIN Expr  (86)
	Expr : Expr . '[' Expr ':' Expr ']'  (87)
	Expr : Expr . '[' Expr ']' DEFAULT Expr  (88)
	ReturnStmt : RETURN Expr .  (108)

	AND  shift 119
	OR  shift 120
	LESS_EQUAL  shift 121
	GREATER_EQUAL  shift 122
	EQUAL  shift 123
	NOT_EQUAL  shift 124
	'+'  shift 125
	'-'  shift 126
	'*'  shift 127
	'/'  shift 128
	'%'  shift 129
	'>'  shift 130
	'<'  shift 131
	'.'  shift 132
	'['  shift 133
	ORIGIN  shift 134
	DOUBLEPLUS  shift 135
	';'  reduce 108


state 97
	Expr : LValue .  (59)

	.  reduce 59


state 98
	Expr : Call .  (60)

	.  reduce 60


state 99
	Expr : NEW IDENTIFIER . '(' ')'  (82)

	'('  shift 144
	.  error


state 100
	Type : Type . '[' ']'  (11)
	Expr : NEW Type . '[' Expr ']'  (83)

	'['  shift 145
	.  error


state 101
	PrintStmt : PRINT '(' . ExprList ')'  (110)
	Receiver : .  (54)

	NULL  shift 53
	THIS  shift 54
	NEW  shift 60
	READ_INTEGER  shift 62
	READ_LINE  shift 63
	LITERAL  shift 64
	INSTANCEOF  shift 65
	'-'  shift 66
	'!'  shift 67
	'('  shift 68
	'['  shift 69
	VAR  shift 72
	IDENTIFIER  reduce 54

	Expr  goto 146
	LValue  goto 97
	Call  goto 98
	Receiver  goto 90
	Constant  goto 91
	ExprList  goto 147


state 102
	Expr : READ_INTEGER '(' . ')'  (79)

	')'  shift 148
	.  error


state 103
	Expr : READ_LINE '(' . ')'  (80)

	')'  shift 149
	.  error


state 104
	Expr : INSTANCEOF '(' . Expr ',' IDENTIFIER ')'  (84)
	Receiver : .  (54)

	NULL  shift 53
	THIS  shift 54
	NEW  shift 60
	READ_INTEGER  shift 62
	READ_LINE  shift 63
	LITERAL  shift 64
	INSTANCEOF  shift 65
	'-'  shift 66
	'!'  shift 67
	'('  shift 68
	'['  shift 69
	VAR  shift 72
	IDENTIFIER  reduce 54

	Expr  goto 150
	LValue  goto 97
	Call  goto 98
	Receiver  goto 90
	Constant  goto 91


state 105
	Receiver : Expr . '.'  (53)
	LValue : Expr . '[' Expr ']'  (56)
	Expr : Expr . DOUBLEPLUS Expr  (62)
	Expr : Expr . '+' Expr  (63)
	Expr : Expr . '-' Expr  (64)
	Expr : Expr . '*' Expr  (65)
	Expr : Expr . '/' Expr  (66)
	Expr : Expr . '%' Expr  (67)
	Expr : Expr . EQUAL Expr  (68)
	Expr : Expr . NOT_EQUAL Expr  (69)
	Expr : Expr . '<' Expr  (70)
	Expr : Expr . '>' Expr  (71)
	Expr : Expr . LESS_EQUAL Expr  (72)
	Expr : Expr . GREATER_EQUAL Expr  (73)
	Expr : Expr . AND Expr  (74)
	Expr : Expr . OR Expr  (75)
	Expr : '-' Expr .  (77)
	Expr : Expr . ORIGIN Expr  (86)
	Expr : Expr . '[' Expr ':' Expr ']'  (87)
	Expr : Expr . '[' Expr ']' DEFAULT Expr  (88)

	'.'  shift 132
	'['  shift 133
	WHILE  reduce 77
	FOR  reduce 77
	IF  reduce 77
	AND  reduce 77
	OR  reduce 77
	LESS_EQUAL  reduce 77
	GREATER_EQUAL  reduce 77
	EQUAL  reduce 77
	NOT_EQUAL  reduce 77
	'+'  reduce 77
	'-'  reduce 77
	'*'  reduce 77
	'/'  reduce 77
	'%'  reduce 77
	'>'  reduce 77
	'<'  reduce 77
	','  reduce 77
	';'  reduce 77
	')'  reduce 77
	']'  reduce 77
	':'  reduce 77
	ORIGIN  reduce 77
	DOUBLEPLUS  reduce 77


state 106
	Receiver : Expr . '.'  (53)
	LValue : Expr . '[' Expr ']'  (56)
	Expr : Expr . DOUBLEPLUS Expr  (62)
	Expr : Expr . '+' Expr  (63)
	Expr : Expr . '-' Expr  (64)
	Expr : Expr . '*' Expr  (65)
	Expr : Expr . '/' Expr  (66)
	Expr : Expr . '%' Expr  (67)
	Expr : Expr . EQUAL Expr  (68)
	Expr : Expr . NOT_EQUAL Expr  (69)
	Expr : Expr . '<' Expr  (70)
	Expr : Expr . '>' Expr  (71)
	Expr : Expr . LESS_EQUAL Expr  (72)
	Expr : Expr . GREATER_EQUAL Expr  (73)
	Expr : Expr . AND Expr  (74)
	Expr : Expr . OR Expr  (75)
	Expr : '!' Expr .  (78)
	Expr : Expr . ORIGIN Expr  (86)
	Expr : Expr . '[' Expr ':' Expr ']'  (87)
	Expr : Expr . '[' Expr ']' DEFAULT Expr  (88)

	'.'  shift 132
	'['  shift 133
	WHILE  reduce 78
	FOR  reduce 78
	IF  reduce 78
	AND  reduce 78
	OR  reduce 78
	LESS_EQUAL  reduce 78
	GREATER_EQUAL  reduce 78
	EQUAL  reduce 78
	NOT_EQUAL  reduce 78
	'+'  reduce 78
	'-'  reduce 78
	'*'  reduce 78
	'/'  reduce 78
	'%'  reduce 78
	'>'  reduce 78
	'<'  reduce 78
	','  reduce 78
	';'  reduce 78
	')'  reduce 78
	']'  reduce 78
	':'  reduce 78
	ORIGIN  reduce 78
	DOUBLEPLUS  reduce 78


state 107
	Expr : '(' CLASS . IDENTIFIER ')' Expr  (85)

	IDENTIFIER  shift 151
	.  error


state 108
	Receiver : Expr . '.'  (53)
	LValue : Expr . '[' Expr ']'  (56)
	Expr : Expr . DOUBLEPLUS Expr  (62)
	Expr : Expr . '+' Expr  (63)
	Expr : Expr . '-' Expr  (64)
	Expr : Expr . '*' Expr  (65)
	Expr : Expr . '/' Expr  (66)
	Expr : Expr . '%' Expr  (67)
	Expr : Expr . EQUAL Expr  (68)
	Expr : Expr . NOT_EQUAL Expr  (69)
	Expr : Expr . '<' Expr  (70)
	Expr : Expr . '>' Expr  (71)
	Expr : Expr . LESS_EQUAL Expr  (72)
	Expr : Expr . GREATER_EQUAL Expr  (73)
	Expr : Expr . AND Expr  (74)
	Expr : Expr . OR Expr  (75)
	Expr : '(' Expr . ')'  (76)
	Expr : Expr . ORIGIN Expr  (86)
	Expr : Expr . '[' Expr ':' Expr ']'  (87)
	Expr : Expr . '[' Expr ']' DEFAULT Expr  (88)

	AND  shift 119
	OR  shift 120
	LESS_EQUAL  shift 121
	GREATER_EQUAL  shift 122
	EQUAL  shift 123
	NOT_EQUAL  shift 124
	'+'  shift 125
	'-'  shift 126
	'*'  shift 127
	'/'  shift 128
	'%'  shift 129
	'>'  shift 130
	'<'  shift 131
	'.'  shift 132
	')'  shift 152
	'['  shift 133
	ORIGIN  shift 134
	DOUBLEPLUS  shift 135
	.  error


state 109
	Receiver : Expr . '.'  (53)
	LValue : Expr . '[' Expr ']'  (56)
	Expr : Expr . DOUBLEPLUS Expr  (62)
	Expr : Expr . '+' Expr  (63)
	Expr : Expr . '-' Expr  (64)
	Expr : Expr . '*' Expr  (65)
	Expr : Expr . '/' Expr  (66)
	Expr : Expr . '%' Expr  (67)
	Expr : Expr . EQUAL Expr  (68)
	Expr : Expr . NOT_EQUAL Expr  (69)
	Expr : Expr . '<' Expr  (70)
	Expr : Expr . '>' Expr  (71)
	Expr : Expr . LESS_EQUAL Expr  (72)
	Expr : Expr . GREATER_EQUAL Expr  (73)
	Expr : Expr . AND Expr  (74)
	Expr : Expr . OR Expr  (75)
	Expr : Expr . ORIGIN Expr  (86)
	Expr : Expr . '[' Expr ':' Expr ']'  (87)
	Expr : Expr . '[' Expr ']' DEFAULT Expr  (88)
	Expr : '[' Expr . FOR IDENTIFIER IN Expr BoolExpr ']'  (89)

	FOR  shift 153
	AND  shift 119
	OR  shift 120
	LESS_EQUAL  shift 121
	GREATER_EQUAL  shift 122
	EQUAL  shift 123
	NOT_EQUAL  shift 124
	'+'  shift 125
	'-'  shift 126
	'*'  shift 127
	'/'  shift 128
	'%'  shift 129
	'>'  shift 130
	'<'  shift 131
	'.'  shift 132
	'['  shift 133
	ORIGIN  shift 134
	DOUBLEPLUS  shift 135
	.  error


state 110
	Expr : Constant .  (61)
	ConstantList : Constant .  (96)

	FOR  reduce 61
	AND  reduce 61
	OR  reduce 61
	LESS_EQUAL  reduce 61
	GREATER_EQUAL  reduce 61
	EQUAL  reduce 61
	NOT_EQUAL  reduce 61
	'+'  reduce 61
	'-'  reduce 61
	'*'  reduce 61
	'/'  reduce 61
	'%'  reduce 61
	'>'  reduce 61
	'<'  reduce 61
	'.'  reduce 61
	','  reduce 96
	'['  reduce 61
	']'  reduce 96
	ORIGIN  reduce 61
	DOUBLEPLUS  reduce 61


state 111
	Constant : '[' ConstantList . ']'  (94)
	ConstantList : ConstantList . ',' Constant  (95)

	','  shift 154
	']'  shift 155
	.  error


state 112
	OCStmt : SCOPY '(' . IDENTIFIER ',' Expr ')'  (111)

	IDENTIFIER  shift 156
	.  error


state 113
	LValue : VAR IDENTIFIER .  (57)

	.  reduce 57


state 114
	ForeachStmt : FOREACH '(' . BoundVariable IN Expr WhileExpr ')' Stmt  (40)

	VOID  shift 17
	BOOL  shift 18
	INT  shift 19
	STRING  shift 20
	CLASS  shift 21
	VAR  shift 157
	.  error

	Type  goto 158
	BoundVariable  goto 159


state 115
	Stmt : SimpleStmt ';' .  (29)

	.  reduce 29


state 116
	Stmt : ReturnStmt ';' .  (33)

	.  reduce 33


state 117
	Stmt : PrintStmt ';' .  (34)

	.  reduce 34


state 118
	Stmt : BreakStmt ';' .  (35)

	.  reduce 35


state 119
	Expr : Expr AND . Expr  (74)
	Receiver : .  (54)

	NULL  shift 53
	THIS  shift 54
	NEW  shift 60
	READ_INTEGER  shift 62
	READ_LINE  shift 63
	LITERAL  shift 64
	INSTANCEOF  shift 65
	'-'  shift 66
	'!'  shift 67
	'('  shift 68
	'['  shift 69
	VAR  shift 72
	IDENTIFIER  reduce 54

	Expr  goto 160
	LValue  goto 97
	Call  goto 98
	Receiver  goto 90
	Constant  goto 91


state 120
	Expr : Expr OR . Expr  (75)
	Receiver : .  (54)

	NULL  shift 53
	THIS  shift 54
	NEW  shift 60
	READ_INTEGER  shift 62
	READ_LINE  shift 63
	LITERAL  shift 64
	INSTANCEOF  shift 65
	'-'  shift 66
	'!'  shift 67
	'('  shift 68
	'['  shift 69
	VAR  shift 72
	IDENTIFIER  reduce 54

	Expr  goto 161
	LValue  goto 97
	Call  goto 98
	Receiver  goto 90
	Constant  goto 91


state 121
	Expr : Expr LESS_EQUAL . Expr  (72)
	Receiver : .  (54)

	NULL  shift 53
	THIS  shift 54
	NEW  shift 60
	READ_INTEGER  shift 62
	READ_LINE  shift 63
	LITERAL  shift 64
	INSTANCEOF  shift 65
	'-'  shift 66
	'!'  shift 67
	'('  shift 68
	'['  shift 69
	VAR  shift 72
	IDENTIFIER  reduce 54

	Expr  goto 162
	LValue  goto 97
	Call  goto 98
	Receiver  goto 90
	Constant  goto 91


state 122
	Expr : Expr GREATER_EQUAL . Expr  (73)
	Receiver : .  (54)

	NULL  shift 53
	THIS  shift 54
	NEW  shift 60
	READ_INTEGER  shift 62
	READ_LINE  shift 63
	LITERAL  shift 64
	INSTANCEOF  shift 65
	'-'  shift 66
	'!'  shift 67
	'('  shift 68
	'['  shift 69
	VAR  shift 72
	IDENTIFIER  reduce 54

	Expr  goto 163
	LValue  goto 97
	Call  goto 98
	Receiver  goto 90
	Constant  goto 91


state 123
	Expr : Expr EQUAL . Expr  (68)
	Receiver : .  (54)

	NULL  shift 53
	THIS  shift 54
	NEW  shift 60
	READ_INTEGER  shift 62
	READ_LINE  shift 63
	LITERAL  shift 64
	INSTANCEOF  shift 65
	'-'  shift 66
	'!'  shift 67
	'('  shift 68
	'['  shift 69
	VAR  shift 72
	IDENTIFIER  reduce 54

	Expr  goto 164
	LValue  goto 97
	Call  goto 98
	Receiver  goto 90
	Constant  goto 91


state 124
	Expr : Expr NOT_EQUAL . Expr  (69)
	Receiver : .  (54)

	NULL  shift 53
	THIS  shift 54
	NEW  shift 60
	READ_INTEGER  shift 62
	READ_LINE  shift 63
	LITERAL  shift 64
	INSTANCEOF  shift 65
	'-'  shift 66
	'!'  shift 67
	'('  shift 68
	'['  shift 69
	VAR  shift 72
	IDENTIFIER  reduce 54

	Expr  goto 165
	LValue  goto 97
	Call  goto 98
	Receiver  goto 90
	Constant  goto 91


state 125
	Expr : Expr '+' . Expr  (63)
	Receiver : .  (54)

	NULL  shift 53
	THIS  shift 54
	NEW  shift 60
	READ_INTEGER  shift 62
	READ_LINE  shift 63
	LITERAL  shift 64
	INSTANCEOF  shift 65
	'-'  shift 66
	'!'  shift 67
	'('  shift 68
	'['  shift 69
	VAR  shift 72
	IDENTIFIER  reduce 54

	Expr  goto 166
	LValue  goto 97
	Call  goto 98
	Receiver  goto 90
	Constant  goto 91


state 126
	Expr : Expr '-' . Expr  (64)
	Receiver : .  (54)

	NULL  shift 53
	THIS  shift 54
	NEW  shift 60
	READ_INTEGER  shift 62
	READ_LINE  shift 63
	LITERAL  shift 64
	INSTANCEOF  shift 65
	'-'  shift 66
	'!'  shift 67
	'('  shift 68
	'['  shift 69
	VAR  shift 72
	IDENTIFIER  reduce 54

	Expr  goto 167
	LValue  goto 97
	Call  goto 98
	Receiver  goto 90
	Constant  goto 91


state 127
	Expr : Expr '*' . Expr  (65)
	Receiver : .  (54)

	NULL  shift 53
	THIS  shift 54
	NEW  shift 60
	READ_INTEGER  shift 62
	READ_LINE  shift 63
	LITERAL  shift 64
	INSTANCEOF  shift 65
	'-'  shift 66
	'!'  shift 67
	'('  shift 68
	'['  shift 69
	VAR  shift 72
	IDENTIFIER  reduce 54

	Expr  goto 168
	LValue  goto 97
	Call  goto 98
	Receiver  goto 90
	Constant  goto 91


state 128
	Expr : Expr '/' . Expr  (66)
	Receiver : .  (54)

	NULL  shift 53
	THIS  shift 54
	NEW  shift 60
	READ_INTEGER  shift 62
	READ_LINE  shift 63
	LITERAL  shift 64
	INSTANCEOF  shift 65
	'-'  shift 66
	'!'  shift 67
	'('  shift 68
	'['  shift 69
	VAR  shift 72
	IDENTIFIER  reduce 54

	Expr  goto 169
	LValue  goto 97
	Call  goto 98
	Receiver  goto 90
	Constant  goto 91


state 129
	Expr : Expr '%' . Expr  (67)
	Receiver : .  (54)

	NULL  shift 53
	THIS  shift 54
	NEW  shift 60
	READ_INTEGER  shift 62
	READ_LINE  shift 63
	LITERAL  shift 64
	INSTANCEOF  shift 65
	'-'  shift 66
	'!'  shift 67
	'('  shift 68
	'['  shift 69
	VAR  shift 72
	IDENTIFIER  reduce 54

	Expr  goto 170
	LValue  goto 97
	Call  goto 98
	Receiver  goto 90
	Constant  goto 91


state 130
	Expr : Expr '>' . Expr  (71)
	Receiver : .  (54)

	NULL  shift 53
	THIS  shift 54
	NEW  shift 60
	READ_INTEGER  shift 62
	READ_LINE  shift 63
	LITERAL  shift 64
	INSTANCEOF  shift 65
	'-'  shift 66
	'!'  shift 67
	'('  shift 68
	'['  shift 69
	VAR  shift 72
	IDENTIFIER  reduce 54

	Expr  goto 171
	LValue  goto 97
	Call  goto 98
	Receiver  goto 90
	Constant  goto 91


state 131
	Expr : Expr '<' . Expr  (70)
	Receiver : .  (54)

	NULL  shift 53
	THIS  shift 54
	NEW  shift 60
	READ_INTEGER  shift 62
	READ_LINE  shift 63
	LITERAL  shift 64
	INSTANCEOF  shift 65
	'-'  shift 66
	'!'  shift 67
	'('  shift 68
	'['  shift 69
	VAR  shift 72
	IDENTIFIER  reduce 54

	Expr  goto 172
	LValue  goto 97
	Call  goto 98
	Receiver  goto 90
	Constant  goto 91


state 132
	Receiver : Expr '.' .  (53)

	.  reduce 53


state 133
	LValue : Expr '[' . Expr ']'  (56)
	Expr : Expr '[' . Expr ':' Expr ']'  (87)
	Expr : Expr '[' . Expr ']' DEFAULT Expr  (88)
	Receiver : .  (54)

	NULL  shift 53
	THIS  shift 54
	NEW  shift 60
	READ_INTEGER  shift 62
	READ_LINE  shift 63
	LITERAL  shift 64
	INSTANCEOF  shift 65
	'-'  shift 66
	'!'  shift 67
	'('  shift 68
	'['  shift 69
	VAR  shift 72
	IDENTIFIER  reduce 54

	Expr  goto 173
	LValue  goto 97
	Call  goto 98
	Receiver  goto 90
	Constant  goto 91


state 134
	Expr : Expr ORIGIN . Expr  (86)
	Receiver : .  (54)

	NULL  shift 53
	THIS  shift 54
	NEW  shift 60
	READ_INTEGER  shift 62
	READ_LINE  shift 63
	LITERAL  shift 64
	INSTANCEOF  shift 65
	'-'  shift 66
	'!'  shift 67
	'('  shift 68
	'['  shift 69
	VAR  shift 72
	IDENTIFIER  reduce 54

	Expr  goto 174
	LValue  goto 97
	Call  goto 98
	Receiver  goto 90
	Constant  goto 91


state 135
	Expr : Expr DOUBLEPLUS . Expr  (62)
	Receiver : .  (54)

	NULL  shift 53
	THIS  shift 54
	NEW  shift 60
	READ_INTEGER  shift 62
	READ_LINE  shift 63
	LITERAL  shift 64
	INSTANCEOF  shift 65
	'-'  shift 66
	'!'  shift 67
	'('  shift 68
	'['  shift 69
	VAR  shift 72
	IDENTIFIER  reduce 54

	Expr  goto 175
	LValue  goto 97
	Call  goto 98
	Receiver  goto 90
	Constant  goto 91


state 136
	SimpleStmt : LValue '=' . Expr  (50)
	Receiver : .  (54)

	NULL  shift 53
	THIS  shift 54
	NEW  shift 60
	READ_INTEGER  shift 62
	READ_LINE  shift 63
	LITERAL  shift 64
	INSTANCEOF  shift 65
	'-'  shift 66
	'!'  shift 67
	'('  shift 68
	'['  shift 69
	VAR  shift 72
	IDENTIFIER  reduce 54

	Expr  goto 176
	LValue  goto 97
	Call  goto 98
	Receiver  goto 90
	Constant  goto 91


state 137
	LValue : Receiver IDENTIFIER .  (55)
	Call : Receiver IDENTIFIER . '(' Actuals ')'  (58)

	'('  shift 177
	WHILE  reduce 55
	FOR  reduce 55
	IF  reduce 55
	AND  reduce 55
	OR  reduce 55
	LESS_EQUAL  reduce 55
	GREATER_EQUAL  reduce 55
	EQUAL  reduce 55
	NOT_EQUAL  reduce 55
	'+'  reduce 55
	'-'  reduce 55
	'*'  reduce 55
	'/'  reduce 55
	'%'  reduce 55
	'='  reduce 55
	'>'  reduce 55
	'<'  reduce 55
	'.'  reduce 55
	','  reduce 55
	';'  reduce 55
	')'  reduce 55
	'['  reduce 55
	']'  reduce 55
	':'  reduce 55
	ORIGIN  reduce 55
	DOUBLEPLUS  reduce 55


state 138
	Receiver : Expr . '.'  (53)
	LValue : Expr . '[' Expr ']'  (56)
	Expr : Expr . DOUBLEPLUS Expr  (62)
	Expr : Expr . '+' Expr  (63)
	Expr : Expr . '-' Expr  (64)
	Expr : Expr . '*' Expr  (65)
	Expr : Expr . '/' Expr  (66)
	Expr : Expr . '%' Expr  (67)
	Expr : Expr . EQUAL Expr  (68)
	Expr : Expr . NOT_EQUAL Expr  (69)
	Expr : Expr . '<' Expr  (70)
	Expr : Expr . '>' Expr  (71)
	Expr : Expr . LESS_EQUAL Expr  (72)
	Expr : Expr . GREATER_EQUAL Expr  (73)
	Expr : Expr . AND Expr  (74)
	Expr : Expr . OR Expr  (75)
	Expr : Expr . ORIGIN Expr  (86)
	Expr : Expr . '[' Expr ':' Expr ']'  (87)
	Expr : Expr . '[' Expr ']' DEFAULT Expr  (88)
	WhileStmt : WHILE '(' Expr . ')' Stmt  (102)

	AND  shift 119
	OR  shift 120
	LESS_EQUAL  shift 121
	GREATER_EQUAL  shift 122
	EQUAL  shift 123
	NOT_EQUAL  shift 124
	'+'  shift 125
	'-'  shift 126
	'*'  shift 127
	'/'  shift 128
	'%'  shift 129
	'>'  shift 130
	'<'  shift 131
	'.'  shift 132
	')'  shift 178
	'['  shift 133
	ORIGIN  shift 134
	DOUBLEPLUS  shift 135
	.  error


state 139
	ForStmt : FOR '(' SimpleStmt . ';' Expr ';' SimpleStmt ')' Stmt  (103)

	';'  shift 179
	.  error


state 140
	Receiver : Expr . '.'  (53)
	LValue : Expr . '[' Expr ']'  (56)
	Expr : Expr . DOUBLEPLUS Expr  (62)
	Expr : Expr . '+' Expr  (63)
	Expr : Expr . '-' Expr  (64)
	Expr : Expr . '*' Expr  (65)
	Expr : Expr . '/' Expr  (66)
	Expr : Expr . '%' Expr  (67)
	Expr : Expr . EQUAL Expr  (68)
	Expr : Expr . NOT_EQUAL Expr  (69)
	Expr : Expr . '<' Expr  (70)
	Expr : Expr . '>' Expr  (71)
	Expr : Expr . LESS_EQUAL Expr  (72)
	Expr : Expr . GREATER_EQUAL Expr  (73)
	Expr : Expr . AND Expr  (74)
	Expr : Expr . OR Expr  (75)
	Expr : Expr . ORIGIN Expr  (86)
	Expr : Expr . '[' Expr ':' Expr ']'  (87)
	Expr : Expr . '[' Expr ']' DEFAULT Expr  (88)
	IfStmt : IF '(' Expr . ')' Stmt ElseClause  (105)

	AND  shift 119
	OR  shift 120
	LESS_EQUAL  shift 121
	GREATER_EQUAL  shift 122
	EQUAL  shift 123
	NOT_EQUAL  shift 124
	'+'  shift 125
	'-'  shift 126
	'*'  shift 127
	'/'  shift 128
	'%'  shift 129
	'>'  shift 130
	'<'  shift 131
	'.'  shift 132
	')'  shift 180
	'['  shift 133
	ORIGIN  shift 134
	DOUBLEPLUS  shift 135
	.  error


state 141
	IfSubStmt : Expr . ':' Stmt  (49)
	Receiver : Expr . '.'  (53)
	LValue : Expr . '[' Expr ']'  (56)
	Expr : Expr . DOUBLEPLUS Expr  (62)
	Expr : Expr . '+' Expr  (63)
	Expr : Expr . '-' Expr  (64)
	Expr : Expr . '*' Expr  (65)
	Expr : Expr . '/' Expr  (66)
	Expr : Expr . '%' Expr  (67)
	Expr : Expr . EQUAL Expr  (68)
	Expr : Expr . NOT_EQUAL Expr  (69)
	Expr : Expr . '<' Expr  (70)
	Expr : Expr . '>' Expr  (71)
	Expr : Expr . LESS_EQUAL Expr  (72)
	Expr : Expr . GREATER_EQUAL Expr  (73)
	Expr : Expr . AND Expr  (74)
	Expr : Expr . OR Expr  (75)
	Expr : Expr . ORIGIN Expr  (86)
	Expr : Expr . '[' Expr ':' Expr ']'  (87)
	Expr : Expr . '[' Expr ']' DEFAULT Expr  (88)

	AND  shift 119
	OR  shift 120
	LESS_EQUAL  shift 121
	GREATER_EQUAL  shift 122
	EQUAL  shift 123
	NOT_EQUAL  shift 124
	'+'  shift 125
	'-'  shift 126
	'*'  shift 127
	'/'  shift 128
	'%'  shift 129
	'>'  shift 130
	'<'  shift 131
	'.'  shift 132
	'['  shift 133
	':'  shift 181
	ORIGIN  shift 134
	DOUBLEPLUS  shift 135
	.  error


state 142
	GuardedStmt : IF '{' IfBranchList . '}'  (45)
	IfBranchList : IfBranchList . SERIESE_OP IfSubStmt  (46)

	'}'  shift 182
	SERIESE_OP  shift 183
	.  error


state 143
	IfBranchList : IfSubStmt .  (47)

	.  reduce 47


state 144
	Expr : NEW IDENTIFIER '(' . ')'  (82)

	')'  shift 184
	.  error


state 145
	Type : Type '[' . ']'  (11)
	Expr : NEW Type '[' . Expr ']'  (83)
	Receiver : .  (54)

	NULL  shift 53
	THIS  shift 54
	NEW  shift 60
	READ_INTEGER  shift 62
	READ_LINE  shift 63
	LITERAL  shift 64
	INSTANCEOF  shift 65
	'-'  shift 66
	'!'  shift 67
	'('  shift 68
	'['  shift 69
	']'  shift 37
	VAR  shift 72
	IDENTIFIER  reduce 54

	Expr  goto 185
	LValue  goto 97
	Call  goto 98
	Receiver  goto 90
	Constant  goto 91


state 146
	Receiver : Expr . '.'  (53)
	LValue : Expr . '[' Expr ']'  (56)
	Expr : Expr . DOUBLEPLUS Expr  (62)
	Expr : Expr . '+' Expr  (63)
	Expr : Expr . '-' Expr  (64)
	Expr : Expr . '*' Expr  (65)
	Expr : Expr . '/' Expr  (66)
	Expr : Expr . '%' Expr  (67)
	Expr : Expr . EQUAL Expr  (68)
	Expr : Expr . NOT_EQUAL Expr  (69)
	Expr : Expr . '<' Expr  (70)
	Expr : Expr . '>' Expr  (71)
	Expr : Expr . LESS_EQUAL Expr  (72)
	Expr : Expr . GREATER_EQUAL Expr  (73)
	Expr : Expr . AND Expr  (74)
	Expr : Expr . OR Expr  (75)
	Expr : Expr . ORIGIN Expr  (86)
	Expr : Expr . '[' Expr ':' Expr ']'  (87)
	Expr : Expr . '[' Expr ']' DEFAULT Expr  (88)
	ExprList : Expr .  (101)

	AND  shift 119
	OR  shift 120
	LESS_EQUAL  shift 121
	GREATER_EQUAL  shift 122
	EQUAL  shift 123
	NOT_EQUAL  shift 124
	'+'  shift 125
	'-'  shift 126
	'*'  shift 127
	'/'  shift 128
	'%'  shift 129
	'>'  shift 130
	'<'  shift 131
	'.'  shift 132
	'['  shift 133
	ORIGIN  shift 134
	DOUBLEPLUS  shift 135
	','  reduce 101
	')'  reduce 101


state 147
	ExprList : ExprList . ',' Expr  (100)
	PrintStmt : PRINT '(' ExprList . ')'  (110)

	','  shift 186
	')'  shift 187
	.  error


state 148
	Expr : READ_INTEGER '(' ')' .  (79)

	.  reduce 79


state 149
	Expr : READ_LINE '(' ')' .  (80)

	.  reduce 80


state 150
	Receiver : Expr . '.'  (53)
	LValue : Expr . '[' Expr ']'  (56)
	Expr : Expr . DOUBLEPLUS Expr  (62)
	Expr : Expr . '+' Expr  (63)
	Expr : Expr . '-' Expr  (64)
	Expr : Expr . '*' Expr  (65)
	Expr : Expr . '/' Expr  (66)
	Expr : Expr . '%' Expr  (67)
	Expr : Expr . EQUAL Expr  (68)
	Expr : Expr . NOT_EQUAL Expr  (69)
	Expr : Expr . '<' Expr  (70)
	Expr : Expr . '>' Expr  (71)
	Expr : Expr . LESS_EQUAL Expr  (72)
	Expr : Expr . GREATER_EQUAL Expr  (73)
	Expr : Expr . AND Expr  (74)
	Expr : Expr . OR Expr  (75)
	Expr : INSTANCEOF '(' Expr . ',' IDENTIFIER ')'  (84)
	Expr : Expr . ORIGIN Expr  (86)
	Expr : Expr . '[' Expr ':' Expr ']'  (87)
	Expr : Expr . '[' Expr ']' DEFAULT Expr  (88)

	AND  shift 119
	OR  shift 120
	LESS_EQUAL  shift 121
	GREATER_EQUAL  shift 122
	EQUAL  shift 123
	NOT_EQUAL  shift 124
	'+'  shift 125
	'-'  shift 126
	'*'  shift 127
	'/'  shift 128
	'%'  shift 129
	'>'  shift 130
	'<'  shift 131
	'.'  shift 132
	','  shift 188
	'['  shift 133
	ORIGIN  shift 134
	DOUBLEPLUS  shift 135
	.  error


state 151
	Expr : '(' CLASS IDENTIFIER . ')' Expr  (85)

	')'  shift 189
	.  error


state 152
	Expr : '(' Expr ')' .  (76)

	.  reduce 76


state 153
	Expr : '[' Expr FOR . IDENTIFIER IN Expr BoolExpr ']'  (89)

	IDENTIFIER  shift 190
	.  error


state 154
	ConstantList : ConstantList ',' . Constant  (95)

	NULL  shift 53
	LITERAL  shift 64
	'['  shift 191
	.  error

	Constant  goto 192


state 155
	Constant : '[' ConstantList ']' .  (94)

	.  reduce 94


state 156
	OCStmt : SCOPY '(' IDENTIFIER . ',' Expr ')'  (111)

	','  shift 193
	.  error


state 157
	BoundVariable : VAR . IDENTIFIER  (43)

	IDENTIFIER  shift 194
	.  error


state 158
	Type : Type . '[' ']'  (11)
	BoundVariable : Type . IDENTIFIER  (44)

	IDENTIFIER  shift 195
	'['  shift 33
	.  error


state 159
	ForeachStmt : FOREACH '(' BoundVariable . IN Expr WhileExpr ')' Stmt  (40)

	IN  shift 196
	.  error


state 160
	Receiver : Expr . '.'  (53)
	LValue : Expr . '[' Expr ']'  (56)
	Expr : Expr . DOUBLEPLUS Expr  (62)
	Expr : Expr . '+' Expr  (63)
	Expr : Expr . '-' Expr  (64)
	Expr : Expr . '*' Expr  (65)
	Expr : Expr . '/' Expr  (66)
	Expr : Expr . '%' Expr  (67)
	Expr : Expr . EQUAL Expr  (68)
	Expr : Expr . NOT_EQUAL Expr  (69)
	Expr : Expr . '<' Expr  (70)
	Expr : Expr . '>' Expr  (71)
	Expr : Expr . LESS_EQUAL Expr  (72)
	Expr : Expr . GREATER_EQUAL Expr  (73)
	Expr : Expr . AND Expr  (74)
	Expr : Expr AND Expr .  (74)
	Expr : Expr . OR Expr  (75)
	Expr : Expr . ORIGIN Expr  (86)
	Expr : Expr . '[' Expr ':' Expr ']'  (87)
	Expr : Expr . '[' Expr ']' DEFAULT Expr  (88)

	LESS_EQUAL  shift 121
	GREATER_EQUAL  shift 122
	EQUAL  shift 123
	NOT_EQUAL  shift 124
	'+'  shift 125
	'-'  shift 126
	'*'  shift 127
	'/'  shift 128
	'%'  shift 129
	'>'  shift 130
	'<'  shift 131
	'.'  shift 132
	'['  shift 133
	ORIGIN  shift 134
	DOUBLEPLUS  shift 135
	WHILE  reduce 74
	FOR  reduce 74
	IF  reduce 74
	AND  reduce 74
	OR  reduce 74
	','  reduce 74
	';'  reduce 74
	')'  reduce 74
	']'  reduce 74
	':'  reduce 74


state 161
	Receiver : Expr . '.'  (53)
	LValue : Expr . '[' Expr ']'  (56)
	Expr : Expr . DOUBLEPLUS Expr  (62)
	Expr : Expr . '+' Expr  (63)
	Expr : Expr . '-' Expr  (64)
	Expr : Expr . '*' Expr  (65)
	Expr : Expr . '/' Expr  (66)
	Expr : Expr . '%' Expr  (67)
	Expr : Expr . EQUAL Expr  (68)
	Expr : Expr . NOT_EQUAL Expr  (69)
	Expr : Expr . '<' Expr  (70)
	Expr : Expr . '>' Expr  (71)
	Expr : Expr . LESS_EQUAL Expr  (72)
	Expr : Expr . GREATER_EQUAL Expr  (73)
	Expr : Expr . AND Expr  (74)
	Expr : Expr . OR Expr  (75)
	Expr : Expr OR Expr .  (75)
	Expr : Expr . ORIGIN Expr  (86)
	Expr : Expr . '[' Expr ':' Expr ']'  (87)
	Expr : Expr . '[' Expr ']' DEFAULT Expr  (88)

	AND  shift 119
	LESS_EQUAL  shift 121
	GREATER_EQUAL  shift 122
	EQUAL  shift 123
	NOT_EQUAL  shift 124
	'+'  shift 125
	'-'  shift 126
	'*'  shift 127
	'/'  shift 128
	'%'  shift 129
	'>'  shift 130
	'<'  shift 131
	'.'  shift 132
	'['  shift 133
	ORIGIN  shift 134
	DOUBLEPLUS  shift 135
	WHILE  reduce 75
	FOR  reduce 75
	IF  reduce 75
	OR  reduce 75
	','  reduce 75
	';'  reduce 75
	')'  reduce 75
	']'  reduce 75
	':'  reduce 75


state 162
	Receiver : Expr . '.'  (53)
	LValue : Expr . '[' Expr ']'  (56)
	Expr : Expr . DOUBLEPLUS Expr  (62)
	Expr : Expr . '+' Expr  (63)
	Expr : Expr . '-' Expr  (64)
	Expr : Expr . '*' Expr  (65)
	Expr : Expr . '/' Expr  (66)
	Expr : Expr . '%' Expr  (67)
	Expr : Expr . EQUAL Expr  (68)
	Expr : Expr . NOT_EQUAL Expr  (69)
	Expr : Expr . '<' Expr  (70)
	Expr : Expr . '>' Expr  (71)
	Expr : Expr . LESS_EQUAL Expr  (72)
	Expr : Expr LESS_EQUAL Expr .  (72)
	Expr : Expr . GREATER_EQUAL Expr  (73)
	Expr : Expr . AND Expr  (74)
	Expr : Expr . OR Expr  (75)
	Expr : Expr . ORIGIN Expr  (86)
	Expr : Expr . '[' Expr ':' Expr ']'  (87)
	Expr : Expr . '[' Expr ']' DEFAULT Expr  (88)

	'+'  shift 125
	'-'  shift 126
	'*'  shift 127
	'/'  shift 128
	'%'  shift 129
	'.'  shift 132
	'['  shift 133
	ORIGIN  shift 134
	DOUBLEPLUS  shift 135
	WHILE  reduce 72
	FOR  reduce 72
	IF  reduce 72
	AND  reduce 72
	OR  reduce 72
	EQUAL  reduce 72
	NOT_EQUAL  reduce 72
	','  reduce 72
	';'  reduce 72
	')'  reduce 72
	']'  reduce 72
	':'  reduce 72


state 163
	Receiver : Expr . '.'  (53)
	LValue : Expr . '[' Expr ']'  (56)
	Expr : Expr . DOUBLEPLUS Expr  (62)
	Expr : Expr . '+' Expr  (63)
	Expr : Expr . '-' Expr  (64)
	Expr : Expr . '*' Expr  (65)
	Expr : Expr . '/' Expr  (66)
	Expr : Expr . '%' Expr  (67)
	Expr : Expr . EQUAL Expr  (68)
	Expr : Expr . NOT_EQUAL Expr  (69)
	Expr : Expr . '<' Expr  (70)
	Expr : Expr . '>' Expr  (71)
	Expr : Expr . LESS_EQUAL Expr  (72)
	Expr : Expr . GREATER_EQUAL Expr  (73)
	Expr : Expr GREATER_EQUAL Expr .  (73)
	Expr : Expr . AND Expr  (74)
	Expr : Expr . OR Expr  (75)
	Expr : Expr . ORIGIN Expr  (86)
	Expr : Expr . '[' Expr ':' Expr ']'  (87)
	Expr : Expr . '[' Expr ']' DEFAULT Expr  (88)

	'+'  shift 125
	'-'  shift 126
	'*'  shift 127
	'/'  shift 128
	'%'  shift 129
	'.'  shift 132
	'['  shift 133
	ORIGIN  shift 134
	DOUBLEPLUS  shift 135
	WHILE  reduce 73
	FOR  reduce 73
	IF  reduce 73
	AND  reduce 73
	OR  reduce 73
	EQUAL  reduce 73
	NOT_EQUAL  reduce 73
	','  reduce 73
	';'  reduce 73
	')'  reduce 73
	']'  reduce 73
	':'  reduce 73


state 164
	Receiver : Expr . '.'  (53)
	LValue : Expr . '[' Expr ']'  (56)
	Expr : Expr . DOUBLEPLUS Expr  (62)
	Expr : Expr . '+' Expr  (63)
	Expr : Expr . '-' Expr  (64)
	Expr : Expr . '*' Expr  (65)
	Expr : Expr . '/' Expr  (66)
	Expr : Expr . '%' Expr  (67)
	Expr : Expr . EQUAL Expr  (68)
	Expr : Expr EQUAL Expr .  (68)
	Expr : Expr . NOT_EQUAL Expr  (69)
	Expr : Expr . '<' Expr  (70)
	Expr : Expr . '>' Expr  (71)
	Expr : Expr . LESS_EQUAL Expr  (72)
	Expr : Expr . GREATER_EQUAL Expr  (73)
	Expr : Expr . AND Expr  (74)
	Expr : Expr . OR Expr  (75)
	Expr : Expr . ORIGIN Expr  (86)
	Expr : Expr . '[' Expr ':' Expr ']'  (87)
	Expr : Expr . '[' Expr ']' DEFAULT Expr  (88)

	LESS_EQUAL  shift 121
	GREATER_EQUAL  shift 122
	'+'  shift 125
	'-'  shift 126
	'*'  shift 127
	'/'  shift 128
	'%'  shift 129
	'>'  shift 130
	'<'  shift 131
	'.'  shift 132
	'['  shift 133
	ORIGIN  shift 134
	DOUBLEPLUS  shift 135
	WHILE  reduce 68
	FOR  reduce 68
	IF  reduce 68
	AND  reduce 68
	OR  reduce 68
	','  reduce 68
	';'  reduce 68
	')'  reduce 68
	']'  reduce 68
	':'  reduce 68


state 165
	Receiver : Expr . '.'  (53)
	LValue : Expr . '[' Expr ']'  (56)
	Expr : Expr . DOUBLEPLUS Expr  (62)
	Expr : Expr . '+' Expr  (63)
	Expr : Expr . '-' Expr  (64)
	Expr : Expr . '*' Expr  (65)
	Expr : Expr . '/' Expr  (66)
	Expr : Expr . '%' Expr  (67)
	Expr : Expr . EQUAL Expr  (68)
	Expr : Expr . NOT_EQUAL Expr  (69)
	Expr : Expr NOT_EQUAL Expr .  (69)
	Expr : Expr . '<' Expr  (70)
	Expr : Expr . '>' Expr  (71)
	Expr : Expr . LESS_EQUAL Expr  (72)
	Expr : Expr . GREATER_EQUAL Expr  (73)
	Expr : Expr . AND Expr  (74)
	Expr : Expr . OR Expr  (75)
	Expr : Expr . ORIGIN Expr  (86)
	Expr : Expr . '[' Expr ':' Expr ']'  (87)
	Expr : Expr . '[' Expr ']' DEFAULT Expr  (88)

	LESS_EQUAL  shift 121
	GREATER_EQUAL  shift 122
	'+'  shift 125
	'-'  shift 126
	'*'  shift 127
	'/'  shift 128
	'%'  shift 129
	'>'  shift 130
	'<'  shift 131
	'.'  shift 132
	'['  shift 133
	ORIGIN  shift 134
	DOUBLEPLUS  shift 135
	WHILE  reduce 69
	FOR  reduce 69
	IF  reduce 69
	AND  reduce 69
	OR  reduce 69
	','  reduce 69
	';'  reduce 69
	')'  reduce 69
	']'  reduce 69
	':'  reduce 69


state 166
	Receiver : Expr . '.'  (53)
	LValue : Expr . '[' Expr ']'  (56)
	Expr : Expr . DOUBLEPLUS Expr  (62)
	Expr : Expr . '+' Expr  (63)
	Expr : Expr '+' Expr .  (63)
	Expr : Expr . '-' Expr  (64)
	Expr : Expr . '*' Expr  (65)
	Expr : Expr . '/' Expr  (66)
	Expr : Expr . '%' Expr  (67)
	Expr : Expr . EQUAL Expr  (68)
	Expr : Expr . NOT_EQUAL Expr  (69)
	Expr : Expr . '<' Expr  (70)
	Expr : Expr . '>' Expr  (71)
	Expr : Expr . LESS_EQUAL Expr  (72)
	Expr : Expr . GREATER_EQUAL Expr  (73)
	Expr : Expr . AND Expr  (74)
	Expr : Expr . OR Expr  (75)
	Expr : Expr . ORIGIN Expr  (86)
	Expr : Expr . '[' Expr ':' Expr ']'  (87)
	Expr : Expr . '[' Expr ']' DEFAULT Expr  (88)

	'*'  shift 127
	'/'  shift 128
	'%'  shift 129
	'.'  shift 132
	'['  shift 133
	WHILE  reduce 63
	FOR  reduce 63
	IF  reduce 63
	AND  reduce 63
	OR  reduce 63
	LESS_EQUAL  reduce 63
	GREATER_EQUAL  reduce 63
	EQUAL  reduce 63
	NOT_EQUAL  reduce 63
	'+'  reduce 63
	'-'  reduce 63
	'>'  reduce 63
	'<'  reduce 63
	','  reduce 63
	';'  reduce 63
	')'  reduce 63
	']'  reduce 63
	':'  reduce 63
	ORIGIN  reduce 63
	DOUBLEPLUS  reduce 63


state 167
	Receiver : Expr . '.'  (53)
	LValue : Expr . '[' Expr ']'  (56)
	Expr : Expr . DOUBLEPLUS Expr  (62)
	Expr : Expr . '+' Expr  (63)
	Expr : Expr . '-' Expr  (64)
	Expr : Expr '-' Expr .  (64)
	Expr : Expr . '*' Expr  (65)
	Expr : Expr . '/' Expr  (66)
	Expr : Expr . '%' Expr  (67)
	Expr : Expr . EQUAL Expr  (68)
	Expr : Expr . NOT_EQUAL Expr  (69)
	Expr : Expr . '<' Expr  (70)
	Expr : Expr . '>' Expr  (71)
	Expr : Expr . LESS_EQUAL Expr  (72)
	Expr : Expr . GREATER_EQUAL Expr  (73)
	Expr : Expr . AND Expr  (74)
	Expr : Expr . OR Expr  (75)
	Expr : Expr . ORIGIN Expr  (86)
	Expr : Expr . '[' Expr ':' Expr ']'  (87)
	Expr : Expr . '[' Expr ']' DEFAULT Expr  (88)

	'*'  shift 127
	'/'  shift 128
	'%'  shift 129
	'.'  shift 132
	'['  shift 133
	WHILE  reduce 64
	FOR  reduce 64
	IF  reduce 64
	AND  reduce 64
	OR  reduce 64
	LESS_EQUAL  reduce 64
	GREATER_EQUAL  reduce 64
	EQUAL  reduce 64
	NOT_EQUAL  reduce 64
	'+'  reduce 64
	'-'  reduce 64
	'>'  reduce 64
	'<'  reduce 64
	','  reduce 64
	';'  reduce 64
	')'  reduce 64
	']'  reduce 64
	':'  reduce 64
	ORIGIN  reduce 64
	DOUBLEPLUS  reduce 64


state 168
	Receiver : Expr . '.'  (53)
	LValue : Expr . '[' Expr ']'  (56)
	Expr : Expr . DOUBLEPLUS Expr  (62)
	Expr : Expr . '+' Expr  (63)
	Expr : Expr . '-' Expr  (64)
	Expr : Expr . '*' Expr  (65)
	Expr : Expr '*' Expr .  (65)
	Expr : Expr . '/' Expr  (66)
	Expr : Expr . '%' Expr  (67)
	Expr : Expr . EQUAL Expr  (68)
	Expr : Expr . NOT_EQUAL Expr  (69)
	Expr : Expr . '<' Expr  (70)
	Expr : Expr . '>' Expr  (71)
	Expr : Expr . LESS_EQUAL Expr  (72)
	Expr : Expr . GREATER_EQUAL Expr  (73)
	Expr : Expr . AND Expr  (74)
	Expr : Expr . OR Expr  (75)
	Expr : Expr . ORIGIN Expr  (86)
	Expr : Expr . '[' Expr ':' Expr ']'  (87)
	Expr : Expr . '[' Expr ']' DEFAULT Expr  (88)

	'.'  shift 132
	'['  shift 133
	WHILE  reduce 65
	FOR  reduce 65
	IF  reduce 65
	AND  reduce 65
	OR  reduce 65
	LESS_EQUAL  reduce 65
	GREATER_EQUAL  reduce 65
	EQUAL  reduce 65
	NOT_EQUAL  reduce 65
	'+'  reduce 65
	'-'  reduce 65
	'*'  reduce 65
	'/'  reduce 65
	'%'  reduce 65
	'>'  reduce 65
	'<'  reduce 65
	','  reduce 65
	';'  reduce 65
	')'  reduce 65
	']'  reduce 65
	':'  reduce 65
	ORIGIN  reduce 65
	DOUBLEPLUS  reduce 65


state 169
	Receiver : Expr . '.'  (53)
	LValue : Expr . '[' Expr ']'  (56)
	Expr : Expr . DOUBLEPLUS Expr  (62)
	Expr : Expr . '+' Expr  (63)
	Expr : Expr . '-' Expr  (64)
	Expr : Expr . '*' Expr  (65)
	Expr : Expr . '/' Expr  (66)
	Expr : Expr '/' Expr .  (66)
	Expr : Expr . '%' Expr  (67)
	Expr : Expr . EQUAL Expr  (68)
	Expr : Expr . NOT_EQUAL Expr  (69)
	Expr : Expr . '<' Expr  (70)
	Expr : Expr . '>' Expr  (71)
	Expr : Expr . LESS_EQUAL Expr  (72)
	Expr : Expr . GREATER_EQUAL Expr  (73)
	Expr : Expr . AND Expr  (74)
	Expr : Expr . OR Expr  (75)
	Expr : Expr . ORIGIN Expr  (86)
	Expr : Expr . '[' Expr ':' Expr ']'  (87)
	Expr : Expr . '[' Expr ']' DEFAULT Expr  (88)

	'.'  shift 132
	'['  shift 133
	WHILE  reduce 66
	FOR  reduce 66
	IF  reduce 66
	AND  reduce 66
	OR  reduce 66
	LESS_EQUAL  reduce 66
	GREATER_EQUAL  reduce 66
	EQUAL  reduce 66
	NOT_EQUAL  reduce 66
	'+'  reduce 66
	'-'  reduce 66
	'*'  reduce 66
	'/'  reduce 66
	'%'  reduce 66
	'>'  reduce 66
	'<'  reduce 66
	','  reduce 66
	';'  reduce 66
	')'  reduce 66
	']'  reduce 66
	':'  reduce 66
	ORIGIN  reduce 66
	DOUBLEPLUS  reduce 66


state 170
	Receiver : Expr . '.'  (53)
	LValue : Expr . '[' Expr ']'  (56)
	Expr : Expr . DOUBLEPLUS Expr  (62)
	Expr : Expr . '+' Expr  (63)
	Expr : Expr . '-' Expr  (64)
	Expr : Expr . '*' Expr  (65)
	Expr : Expr . '/' Expr  (66)
	Expr : Expr . '%' Expr  (67)
	Expr : Expr '%' Expr .  (67)
	Expr : Expr . EQUAL Expr  (68)
	Expr : Expr . NOT_EQUAL Expr  (69)
	Expr : Expr . '<' Expr  (70)
	Expr : Expr . '>' Expr  (71)
	Expr : Expr . LESS_EQUAL Expr  (72)
	Expr : Expr . GREATER_EQUAL Expr  (73)
	Expr : Expr . AND Expr  (74)
	Expr : Expr . OR Expr  (75)
	Expr : Expr . ORIGIN Expr  (86)
	Expr : Expr . '[' Expr ':' Expr ']'  (87)
	Expr : Expr . '[' Expr ']' DEFAULT Expr  (88)

	'.'  shift 132
	'['  shift 133
	WHILE  reduce 67
	FOR  reduce 67
	IF  reduce 67
	AND  reduce 67
	OR  reduce 67
	LESS_EQUAL  reduce 67
	GREATER_EQUAL  reduce 67
	EQUAL  reduce 67
	NOT_EQUAL  reduce 67
	'+'  reduce 67
	'-'  reduce 67
	'*'  reduce 67
	'/'  reduce 67
	'%'  reduce 67
	'>'  reduce 67
	'<'  reduce 67
	','  reduce 67
	';'  reduce 67
	')'  reduce 67
	']'  reduce 67
	':'  reduce 67
	ORIGIN  reduce 67
	DOUBLEPLUS  reduce 67


state 171
	Receiver : Expr . '.'  (53)
	LValue : Expr . '[' Expr ']'  (56)
	Expr : Expr . DOUBLEPLUS Expr  (62)
	Expr : Expr . '+' Expr  (63)
	Expr : Expr . '-' Expr  (64)
	Expr : Expr . '*' Expr  (65)
	Expr : Expr . '/' Expr  (66)
	Expr : Expr . '%' Expr  (67)
	Expr : Expr . EQUAL Expr  (68)
	Expr : Expr . NOT_EQUAL Expr  (69)
	Expr : Expr . '<' Expr  (70)
	Expr : Expr . '>' Expr  (71)
	Expr : Expr '>' Expr .  (71)
	Expr : Expr . LESS_EQUAL Expr  (72)
	Expr : Expr . GREATER_EQUAL Expr  (73)
	Expr : Expr . AND Expr  (74)
	Expr : Expr . OR Expr  (75)
	Expr : Expr . ORIGIN Expr  (86)
	Expr : Expr . '[' Expr ':' Expr ']'  (87)
	Expr : Expr . '[' Expr ']' DEFAULT Expr  (88)

	'+'  shift 125
	'-'  shift 126
	'*'  shift 127
	'/'  shift 128
	'%'  shift 129
	'.'  shift 132
	'['  shift 133
	ORIGIN  shift 134
	DOUBLEPLUS  shift 135
	WHILE  reduce 71
	FOR  reduce 71
	IF  reduce 71
	AND  reduce 71
	OR  reduce 71
	EQUAL  reduce 71
	NOT_EQUAL  reduce 71
	','  reduce 71
	';'  reduce 71
	')'  reduce 71
	']'  reduce 71
	':'  reduce 71


state 172
	Receiver : Expr . '.'  (53)
	LValue : Expr . '[' Expr ']'  (56)
	Expr : Expr . DOUBLEPLUS Expr  (62)
	Expr : Expr . '+' Expr  (63)
	Expr : Expr . '-' Expr  (64)
	Expr : Expr . '*' Expr  (65)
	Expr : Expr . '/' Expr  (66)
	Expr : Expr . '%' Expr  (67)
	Expr : Expr . EQUAL Expr  (68)
	Expr : Expr . NOT_EQUAL Expr  (69)
	Expr : Expr . '<' Expr  (70)
	Expr : Expr '<' Expr .  (70)
	Expr : Expr . '>' Expr  (71)
	Expr : Expr . LESS_EQUAL Expr  (72)
	Expr : Expr . GREATER_EQUAL Expr  (73)
	Expr : Expr . AND Expr  (74)
	Expr : Expr . OR Expr  (75)
	Expr : Expr . ORIGIN Expr  (86)
	Expr : Expr . '[' Expr ':' Expr ']'  (87)
	Expr : Expr . '[' Expr ']' DEFAULT Expr  (88)

	'+'  shift 125
	'-'  shift 126
	'*'  shift 127
	'/'  shift 128
	'%'  shift 129
	'.'  shift 132
	'['  shift 133
	ORIGIN  shift 134
	DOUBLEPLUS  shift 135
	WHILE  reduce 70
	FOR  reduce 70
	IF  reduce 70
	AND  reduce 70
	OR  reduce 70
	EQUAL  reduce 70
	NOT_EQUAL  reduce 70
	','  reduce 70
	';'  reduce 70
	')'  reduce 70
	']'  reduce 70
	':'  reduce 70


state 173
	Receiver : Expr . '.'  (53)
	LValue : Expr . '[' Expr ']'  (56)
	LValue : Expr '[' Expr . ']'  (56)
	Expr : Expr . DOUBLEPLUS Expr  (62)
	Expr : Expr . '+' Expr  (63)
	Expr : Expr . '-' Expr  (64)
	Expr : Expr . '*' Expr  (65)
	Expr : Expr . '/' Expr  (66)
	Expr : Expr . '%' Expr  (67)
	Expr : Expr . EQUAL Expr  (68)
	Expr : Expr . NOT_EQUAL Expr  (69)
	Expr : Expr . '<' Expr  (70)
	Expr : Expr . '>' Expr  (71)
	Expr : Expr . LESS_EQUAL Expr  (72)
	Expr : Expr . GREATER_EQUAL Expr  (73)
	Expr : Expr . AND Expr  (74)
	Expr : Expr . OR Expr  (75)
	Expr : Expr . ORIGIN Expr  (86)
	Expr : Expr . '[' Expr ':' Expr ']'  (87)
	Expr : Expr '[' Expr . ':' Expr ']'  (87)
	Expr : Expr . '[' Expr ']' DEFAULT Expr  (88)
	Expr : Expr '[' Expr . ']' DEFAULT Expr  (88)

	AND  shift 119
	OR  shift 120
	LESS_EQUAL  shift 121
	GREATER_EQUAL  shift 122
	EQUAL  shift 123
	NOT_EQUAL  shift 124
	'+'  shift 125
	'-'  shift 126
	'*'  shift 127
	'/'  shift 128
	'%'  shift 129
	'>'  shift 130
	'<'  shift 131
	'.'  shift 132
	'['  shift 133
	']'  shift 197
	':'  shift 198
	ORIGIN  shift 134
	DOUBLEPLUS  shift 135
	.  error


state 174
	Receiver : Expr . '.'  (53)
	LValue : Expr . '[' Expr ']'  (56)
	Expr : Expr . DOUBLEPLUS Expr  (62)
	Expr : Expr . '+' Expr  (63)
	Expr : Expr . '-' Expr  (64)
	Expr : Expr . '*' Expr  (65)
	Expr : Expr . '/' Expr  (66)
	Expr : Expr . '%' Expr  (67)
	Expr : Expr . EQUAL Expr  (68)
	Expr : Expr . NOT_EQUAL Expr  (69)
	Expr : Expr . '<' Expr  (70)
	Expr : Expr . '>' Expr  (71)
	Expr : Expr . LESS_EQUAL Expr  (72)
	Expr : Expr . GREATER_EQUAL Expr  (73)
	Expr : Expr . AND Expr  (74)
	Expr : Expr . OR Expr  (75)
	Expr : Expr . ORIGIN Expr  (86)
	Expr : Expr ORIGIN Expr .  (86)
	Expr : Expr . '[' Expr ':' Expr ']'  (87)
	Expr : Expr . '[' Expr ']' DEFAULT Expr  (88)

	'+'  shift 125
	'-'  shift 126
	'*'  shift 127
	'/'  shift 128
	'%'  shift 129
	'.'  shift 132
	'['  shift 133
	WHILE  reduce 86
	FOR  reduce 86
	IF  reduce 86
	AND  reduce 86
	OR  reduce 86
	LESS_EQUAL  reduce 86
	GREATER_EQUAL  reduce 86
	EQUAL  reduce 86
	NOT_EQUAL  reduce 86
	'>'  reduce 86
	'<'  reduce 86
	','  reduce 86
	';'  reduce 86
	')'  reduce 86
	']'  reduce 86
	':'  reduce 86
	ORIGIN  reduce 86
	DOUBLEPLUS  reduce 86


state 175
	Receiver : Expr . '.'  (53)
	LValue : Expr . '[' Expr ']'  (56)
	Expr : Expr . DOUBLEPLUS Expr  (62)
	Expr : Expr DOUBLEPLUS Expr .  (62)
	Expr : Expr . '+' Expr  (63)
	Expr : Expr . '-' Expr  (64)
	Expr : Expr . '*' Expr  (65)
	Expr : Expr . '/' Expr  (66)
	Expr : Expr . '%' Expr  (67)
	Expr : Expr . EQUAL Expr  (68)
	Expr : Expr . NOT_EQUAL Expr  (69)
	Expr : Expr . '<' Expr  (70)
	Expr : Expr . '>' Expr  (71)
	Expr : Expr . LESS_EQUAL Expr  (72)
	Expr : Expr . GREATER_EQUAL Expr  (73)
	Expr : Expr . AND Expr  (74)
	Expr : Expr . OR Expr  (75)
	Expr : Expr . ORIGIN Expr  (86)
	Expr : Expr . '[' Expr ':' Expr ']'  (87)
	Expr : Expr . '[' Expr ']' DEFAULT Expr  (88)

	'+'  shift 125
	'-'  shift 126
	'*'  shift 127
	'/'  shift 128
	'%'  shift 129
	'.'  shift 132
	'['  shift 133
	ORIGIN  shift 134
	DOUBLEPLUS  shift 135
	WHILE  reduce 62
	FOR  reduce 62
	IF  reduce 62
	AND  reduce 62
	OR  reduce 62
	LESS_EQUAL  reduce 62
	GREATER_EQUAL  reduce 62
	EQUAL  reduce 62
	NOT_EQUAL  reduce 62
	'>'  reduce 62
	'<'  reduce 62
	','  reduce 62
	';'  reduce 62
	')'  reduce 62
	']'  reduce 62
	':'  reduce 62


state 176
	SimpleStmt : LValue '=' Expr .  (50)
	Receiver : Expr . '.'  (53)
	LValue : Expr . '[' Expr ']'  (56)
	Expr : Expr . DOUBLEPLUS Expr  (62)
	Expr : Expr . '+' Expr  (63)
	Expr : Expr . '-' Expr  (64)
	Expr : Expr . '*' Expr  (65)
	Expr : Expr . '/' Expr  (66)
	Expr : Expr . '%' Expr  (67)
	Expr : Expr . EQUAL Expr  (68)
	Expr : Expr . NOT_EQUAL Expr  (69)
	Expr : Expr . '<' Expr  (70)
	Expr : Expr . '>' Expr  (71)
	Expr : Expr . LESS_EQUAL Expr  (72)
	Expr : Expr . GREATER_EQUAL Expr  (73)
	Expr : Expr . AND Expr  (74)
	Expr : Expr . OR Expr  (75)
	Expr : Expr . ORIGIN Expr  (86)
	Expr : Expr . '[' Expr ':' Expr ']'  (87)
	Expr : Expr . '[' Expr ']' DEFAULT Expr  (88)

	AND  shift 119
	OR  shift 120
	LESS_EQUAL  shift 121
	GREATER_EQUAL  shift 122
	EQUAL  shift 123
	NOT_EQUAL  shift 124
	'+'  shift 125
	'-'  shift 126
	'*'  shift 127
	'/'  shift 128
	'%'  shift 129
	'>'  shift 130
	'<'  shift 131
	'.'  shift 132
	'['  shift 133
	ORIGIN  shift 134
	DOUBLEPLUS  shift 135
	';'  reduce 50
	')'  reduce 50


state 177
	Call : Receiver IDENTIFIER '(' . Actuals ')'  (58)
	Receiver : .  (54)
	Actuals : .  (99)

	NULL  shift 53
	THIS  shift 54
	NEW  shift 60
	READ_INTEGER  shift 62
	READ_LINE  shift 63
	LITERAL  shift 64
	INSTANCEOF  shift 65
	'-'  shift 66
	'!'  shift 67
	'('  shift 68
	'['  shift 69
	VAR  shift 72
	IDENTIFIER  reduce 54
	')'  reduce 99

	Expr  goto 146
	LValue  goto 97
	Call  goto 98
	Receiver  goto 90
	Actuals  goto 199
	Constant  goto 91
	ExprList  goto 200


state 178
	WhileStmt : WHILE '(' Expr ')' . Stmt  (102)
	SimpleStmt : .  (52)
	Receiver : .  (54)

	VOID  shift 17
	BOOL  shift 18
	INT  shift 19
	STRING  shift 20
	CLASS  shift 21
	NULL  shift 53
	THIS  shift 54
	WHILE  shift 55
	FOR  shift 56
	IF  shift 57
	RETURN  shift 58
	BREAK  shift 59
	NEW  shift 60
	PRINT  shift 61
	READ_INTEGER  shift 62
	READ_LINE  shift 63
	LITERAL  shift 64
	INSTANCEOF  shift 65
	'-'  shift 66
	'!'  shift 67
	'('  shift 68
	'['  shift 69
	'{'  shift 48
	SCOPY  shift 71
	VAR  shift 72
	FOREACH  shift 73
	IDENTIFIER  reduce 54
	';'  reduce 52

	VariableDef  goto 74
	Variable  goto 25
	Type  goto 40
	StmtBlock  goto 75
	Stmt  goto 201
	SimpleStmt  goto 77
	IfStmt  goto 78
	WhileStmt  goto 79
	ForStmt  goto 80
	ReturnStmt  goto 81
	PrintStmt  goto 82
	BreakStmt  goto 83
	OCStmt  goto 84
	GuardedStmt  goto 85
	ForeachStmt  goto 86
	Expr  goto 87
	LValue  goto 88
	Call  goto 89
	Receiver  goto 90
	Constant  goto 91


state 179
	ForStmt : FOR '(' SimpleStmt ';' . Expr ';' SimpleStmt ')' Stmt  (103)
	Receiver : .  (54)

	NULL  shift 53
	THIS  shift 54
	NEW  shift 60
	READ_INTEGER  shift 62
	READ_LINE  shift 63
	LITERAL  shift 64
	INSTANCEOF  shift 65
	'-'  shift 66
	'!'  shift 67
	'('  shift 68
	'['  shift 69
	VAR  shift 72
	IDENTIFIER  reduce 54

	Expr  goto 202
	LValue  goto 97
	Call  goto 98
	Receiver  goto 90
	Constant  goto 91


state 180
	IfStmt : IF '(' Expr ')' . Stmt ElseClause  (105)
	SimpleStmt : .  (52)
	Receiver : .  (54)

	VOID  shift 17
	BOOL  shift 18
	INT  shift 19
	STRING  shift 20
	CLASS  shift 21
	NULL  shift 53
	THIS  shift 54
	WHILE  shift 55
	FOR  shift 56
	IF  shift 57
	RETURN  shift 58
	BREAK  shift 59
	NEW  shift 60
	PRINT  shift 61
	READ_INTEGER  shift 62
	READ_LINE  shift 63
	LITERAL  shift 64
	INSTANCEOF  shift 65
	'-'  shift 66
	'!'  shift 67
	'('  shift 68
	'['  shift 69
	'{'  shift 48
	SCOPY  shift 71
	VAR  shift 72
	FOREACH  shift 73
	IDENTIFIER  reduce 54
	';'  reduce 52

	VariableDef  goto 74
	Variable  goto 25
	Type  goto 40
	StmtBlock  goto 75
	Stmt  goto 203
	SimpleStmt  goto 77
	IfStmt  goto 78
	WhileStmt  goto 79
	ForStmt  goto 80
	ReturnStmt  goto 81
	PrintStmt  goto 82
	BreakStmt  goto 83
	OCStmt  goto 84
	GuardedStmt  goto 85
	ForeachStmt  goto 86
	Expr  goto 87
	LValue  goto 88
	Call  goto 89
	Receiver  goto 90
	Constant  goto 91


state 181
	IfSubStmt : Expr ':' . Stmt  (49)
	SimpleStmt : .  (52)
	Receiver : .  (54)

	VOID  shift 17
	BOOL  shift 18
	INT  shift 19
	STRING  shift 20
	CLASS  shift 21
	NULL  shift 53
	THIS  shift 54
	WHILE  shift 55
	FOR  shift 56
	IF  shift 57
	RETURN  shift 58
	BREAK  shift 59
	NEW  shift 60
	PRINT  shift 61
	READ_INTEGER  shift 62
	READ_LINE  shift 63
	LITERAL  shift 64
	INSTANCEOF  shift 65
	'-'  shift 66
	'!'  shift 67
	'('  shift 68
	'['  shift 69
	'{'  shift 48
	SCOPY  shift 71
	VAR  shift 72
	FOREACH  shift 73
	IDENTIFIER  reduce 54
	';'  reduce 52

	VariableDef  goto 74
	Variable  goto 25
	Type  goto 40
	StmtBlock  goto 75
	Stmt  goto 204
	SimpleStmt  goto 77
	IfStmt  goto 78
	WhileStmt  goto 79
	ForStmt  goto 80
	ReturnStmt  goto 81
	PrintStmt  goto 82
	BreakStmt  goto 83
	OCStmt  goto 84
	GuardedStmt  goto 85
	ForeachStmt  goto 86
	Expr  goto 87
	LValue  goto 88
	Call  goto 89
	Receiver  goto 90
	Constant  goto 91


state 182
	GuardedStmt : IF '{' IfBranchList '}' .  (45)

	.  reduce 45


state 183
	IfBranchList : IfBranchList SERIESE_OP . IfSubStmt  (46)
	Receiver : .  (54)

	NULL  shift 53
	THIS  shift 54
	NEW  shift 60
	READ_INTEGER  shift 62
	READ_LINE  shift 63
	LITERAL  shift 64
	INSTANCEOF  shift 65
	'-'  shift 66
	'!'  shift 67
	'('  shift 68
	'['  shift 69
	VAR  shift 72
	IDENTIFIER  reduce 54

	Expr  goto 141
	IfSubStmt  goto 205
	LValue  goto 97
	Call  goto 98
	Receiver  goto 90
	Constant  goto 91


state 184
	Expr : NEW IDENTIFIER '(' ')' .  (82)

	.  reduce 82


state 185
	Receiver : Expr . '.'  (53)
	LValue : Expr . '[' Expr ']'  (56)
	Expr : Expr . DOUBLEPLUS Expr  (62)
	Expr : Expr . '+' Expr  (63)
	Expr : Expr . '-' Expr  (64)
	Expr : Expr . '*' Expr  (65)
	Expr : Expr . '/' Expr  (66)
	Expr : Expr . '%' Expr  (67)
	Expr : Expr . EQUAL Expr  (68)
	Expr : Expr . NOT_EQUAL Expr  (69)
	Expr : Expr . '<' Expr  (70)
	Expr : Expr . '>' Expr  (71)
	Expr : Expr . LESS_EQUAL Expr  (72)
	Expr : Expr . GREATER_EQUAL Expr  (73)
	Expr : Expr . AND Expr  (74)
	Expr : Expr . OR Expr  (75)
	Expr : NEW Type '[' Expr . ']'  (83)
	Expr : Expr . ORIGIN Expr  (86)
	Expr : Expr . '[' Expr ':' Expr ']'  (87)
	Expr : Expr . '[' Expr ']' DEFAULT Expr  (88)

	AND  shift 119
	OR  shift 120
	LESS_EQUAL  shift 121
	GREATER_EQUAL  shift 122
	EQUAL  shift 123
	NOT_EQUAL  shift 124
	'+'  shift 125
	'-'  shift 126
	'*'  shift 127
	'/'  shift 128
	'%'  shift 129
	'>'  shift 130
	'<'  shift 131
	'.'  shift 132
	'['  shift 133
	']'  shift 206
	ORIGIN  shift 134
	DOUBLEPLUS  shift 135
	.  error


state 186
	ExprList : ExprList ',' . Expr  (100)
	Receiver : .  (54)

	NULL  shift 53
	THIS  shift 54
	NEW  shift 60
	READ_INTEGER  shift 62
	READ_LINE  shift 63
	LITERAL  shift 64
	INSTANCEOF  shift 65
	'-'  shift 66
	'!'  shift 67
	'('  shift 68
	'['  shift 69
	VAR  shift 72
	IDENTIFIER  reduce 54

	Expr  goto 207
	LValue  goto 97
	Call  goto 98
	Receiver  goto 90
	Constant  goto 91


state 187
	PrintStmt : PRINT '(' ExprList ')' .  (110)

	.  reduce 110


state 188
	Expr : INSTANCEOF '(' Expr ',' . IDENTIFIER ')'  (84)

	IDENTIFIER  shift 208
	.  error


state 189
	Expr : '(' CLASS IDENTIFIER ')' . Expr  (85)
	Receiver : .  (54)

	NULL  shift 53
	THIS  shift 54
	NEW  shift 60
	READ_INTEGER  shift 62
	READ_LINE  shift 63
	LITERAL  shift 64
	INSTANCEOF  shift 65
	'-'  shift 66
	'!'  shift 67
	'('  shift 68
	'['  shift 69
	VAR  shift 72
	IDENTIFIER  reduce 54

	Expr  goto 209
	LValue  goto 97
	Call  goto 98
	Receiver  goto 90
	Constant  goto 91


state 190
	Expr : '[' Expr FOR IDENTIFIER . IN Expr BoolExpr ']'  (89)

	IN  shift 210
	.  error


state 191
	Constant : '[' . ConstantList ']'  (94)
	ConstantList : .  (97)

	NULL  shift 53
	LITERAL  shift 64
	'['  shift 191
	','  reduce 97
	']'  reduce 97

	Constant  goto 211
	ConstantList  goto 111


state 192
	ConstantList : ConstantList ',' Constant .  (95)

	.  reduce 95


state 193
	OCStmt : SCOPY '(' IDENTIFIER ',' . Expr ')'  (111)
	Receiver : .  (54)

	NULL  shift 53
	THIS  shift 54
	NEW  shift 60
	READ_INTEGER  shift 62
	READ_LINE  shift 63
	LITERAL  shift 64
	INSTANCEOF  shift 65
	'-'  shift 66
	'!'  shift 67
	'('  shift 68
	'['  shift 69
	VAR  shift 72
	IDENTIFIER  reduce 54

	Expr  goto 212
	LValue  goto 97
	Call  goto 98
	Receiver  goto 90
	Constant  goto 91


state 194
	BoundVariable : VAR IDENTIFIER .  (43)

	.  reduce 43


state 195
	BoundVariable : Type IDENTIFIER .  (44)

	.  reduce 44


state 196
	ForeachStmt : FOREACH '(' BoundVariable IN . Expr WhileExpr ')' Stmt  (40)
	Receiver : .  (54)

	NULL  shift 53
	THIS  shift 54
	NEW  shift 60
	READ_INTEGER  shift 62
	READ_LINE  shift 63
	LITERAL  shift 64
	INSTANCEOF  shift 65
	'-'  shift 66
	'!'  shift 67
	'('  shift 68
	'['  shift 69
	VAR  shift 72
	IDENTIFIER  reduce 54

	Expr  goto 213
	LValue  goto 97
	Call  goto 98
	Receiver  goto 90
	Constant  goto 91


state 197
	LValue : Expr '[' Expr ']' .  (56)
	Expr : Expr '[' Expr ']' . DEFAULT Expr  (88)

	DEFAULT  shift 214
	WHILE  reduce 56
	FOR  reduce 56
	IF  reduce 56
	AND  reduce 56
	OR  reduce 56
	LESS_EQUAL  reduce 56
	GREATER_EQUAL  reduce 56
	EQUAL  reduce 56
	NOT_EQUAL  reduce 56
	'+'  reduce 56
	'-'  reduce 56
	'*'  reduce 56
	'/'  reduce 56
	'%'  reduce 56
	'='  reduce 56
	'>'  reduce 56
	'<'  reduce 56
	'.'  reduce 56
	','  reduce 56
	';'  reduce 56
	')'  reduce 56
	'['  reduce 56
	']'  reduce 56
	':'  reduce 56
	ORIGIN  reduce 56
	DOUBLEPLUS  reduce 56


state 198
	Expr : Expr '[' Expr ':' . Expr ']'  (87)
	Receiver : .  (54)

	NULL  shift 53
	THIS  shift 54
	NEW  shift 60
	READ_INTEGER  shift 62
	READ_LINE  shift 63
	LITERAL  shift 64
	INSTANCEOF  shift 65
	'-'  shift 66
	'!'  shift 67
	'('  shift 68
	'['  shift 69
	VAR  shift 72
	IDENTIFIER  reduce 54

	Expr  goto 215
	LValue  goto 97
	Call  goto 98
	Receiver  goto 90
	Constant  goto 91


state 199
	Call : Receiver IDENTIFIER '(' Actuals . ')'  (58)

	')'  shift 216
	.  error


state 200
	Actuals : ExprList .  (98)
	ExprList : ExprList . ',' Expr  (100)

	','  shift 186
	')'  reduce 98


state 201
	WhileStmt : WHILE '(' Expr ')' Stmt .  (102)

	.  reduce 102


state 202
	Receiver : Expr . '.'  (53)
	LValue : Expr . '[' Expr ']'  (56)
	Expr : Expr . DOUBLEPLUS Expr  (62)
	Expr : Expr . '+' Expr  (63)
	Expr : Expr . '-' Expr  (64)
	Expr : Expr . '*' Expr  (65)
	Expr : Expr . '/' Expr  (66)
	Expr : Expr . '%' Expr  (67)
	Expr : Expr . EQUAL Expr  (68)
	Expr : Expr . NOT_EQUAL Expr  (69)
	Expr : Expr . '<' Expr  (70)
	Expr : Expr . '>' Expr  (71)
	Expr : Expr . LESS_EQUAL Expr  (72)
	Expr : Expr . GREATER_EQUAL Expr  (73)
	Expr : Expr . AND Expr  (74)
	Expr : Expr . OR Expr  (75)
	Expr : Expr . ORIGIN Expr  (86)
	Expr : Expr . '[' Expr ':' Expr ']'  (87)
	Expr : Expr . '[' Expr ']' DEFAULT Expr  (88)
	ForStmt : FOR '(' SimpleStmt ';' Expr . ';' SimpleStmt ')' Stmt  (103)

	AND  shift 119
	OR  shift 120
	LESS_EQUAL  shift 121
	GREATER_EQUAL  shift 122
	EQUAL  shift 123
	NOT_EQUAL  shift 124
	'+'  shift 125
	'-'  shift 126
	'*'  shift 127
	'/'  shift 128
	'%'  shift 129
	'>'  shift 130
	'<'  shift 131
	'.'  shift 132
	';'  shift 217
	'['  shift 133
	ORIGIN  shift 134
	DOUBLEPLUS  shift 135
	.  error


state 203
	IfStmt : IF '(' Expr ')' Stmt . ElseClause  (105)
	ElseClause : .  (107)

	ELSE  shift 218
	VOID  reduce 107
	BOOL  reduce 107
	INT  reduce 107
	STRING  reduce 107
	CLASS  reduce 107
	NULL  reduce 107
	THIS  reduce 107
	WHILE  reduce 107
	FOR  reduce 107
	IF  reduce 107
	RETURN  reduce 107
	BREAK  reduce 107
	NEW  reduce 107
	PRINT  reduce 107
	READ_INTEGER  reduce 107
	READ_LINE  reduce 107
	LITERAL  reduce 107
	IDENTIFIER  reduce 107
	INSTANCEOF  reduce 107
	'-'  reduce 107
	';'  reduce 107
	'!'  reduce 107
	'('  reduce 107
	'['  reduce 107
	'{'  reduce 107
	'}'  reduce 107
	SCOPY  reduce 107
	SERIESE_OP  reduce 107
	VAR  reduce 107
	FOREACH  reduce 107

	ElseClause  goto 219


state 204
	IfSubStmt : Expr ':' Stmt .  (49)

	.  reduce 49


state 205
	IfBranchList : IfBranchList SERIESE_OP IfSubStmt .  (46)

	.  reduce 46


state 206
	Expr : NEW Type '[' Expr ']' .  (83)

	.  reduce 83


state 207
	Receiver : Expr . '.'  (53)
	LValue : Expr . '[' Expr ']'  (56)
	Expr : Expr . DOUBLEPLUS Expr  (62)
	Expr : Expr . '+' Expr  (63)
	Expr : Expr . '-' Expr  (64)
	Expr : Expr . '*' Expr  (65)
	Expr : Expr . '/' Expr  (66)
	Expr : Expr . '%' Expr  (67)
	Expr : Expr . EQUAL Expr  (68)
	Expr : Expr . NOT_EQUAL Expr  (69)
	Expr : Expr . '<' Expr  (70)
	Expr : Expr . '>' Expr  (71)
	Expr : Expr . LESS_EQUAL Expr  (72)
	Expr : Expr . GREATER_EQUAL Expr  (73)
	Expr : Expr . AND Expr  (74)
	Expr : Expr . OR Expr  (75)
	Expr : Expr . ORIGIN Expr  (86)
	Expr : Expr . '[' Expr ':' Expr ']'  (87)
	Expr : Expr . '[' Expr ']' DEFAULT Expr  (88)
	ExprList : ExprList ',' Expr .  (100)

	AND  shift 119
	OR  shift 120
	LESS_EQUAL  shift 121
	GREATER_EQUAL  shift 122
	EQUAL  shift 123
	NOT_EQUAL  shift 124
	'+'  shift 125
	'-'  shift 126
	'*'  shift 127
	'/'  shift 128
	'%'  shift 129
	'>'  shift 130
	'<'  shift 131
	'.'  shift 132
	'['  shift 133
	ORIGIN  shift 134
	DOUBLEPLUS  shift 135
	','  reduce 100
	')'  reduce 100


state 208
	Expr : INSTANCEOF '(' Expr ',' IDENTIFIER . ')'  (84)

	')'  shift 220
	.  error


state 209
	Receiver : Expr . '.'  (53)
	LValue : Expr . '[' Expr ']'  (56)
	Expr : Expr . DOUBLEPLUS Expr  (62)
	Expr : Expr . '+' Expr  (63)
	Expr : Expr . '-' Expr  (64)
	Expr : Expr . '*' Expr  (65)
	Expr : Expr . '/' Expr  (66)
	Expr : Expr . '%' Expr  (67)
	Expr : Expr . EQUAL Expr  (68)
	Expr : Expr . NOT_EQUAL Expr  (69)
	Expr : Expr . '<' Expr  (70)
	Expr : Expr . '>' Expr  (71)
	Expr : Expr . LESS_EQUAL Expr  (72)
	Expr : Expr . GREATER_EQUAL Expr  (73)
	Expr : Expr . AND Expr  (74)
	Expr : Expr . OR Expr  (75)
	Expr : '(' CLASS IDENTIFIER ')' Expr .  (85)
	Expr : Expr . ORIGIN Expr  (86)
	Expr : Expr . '[' Expr ':' Expr ']'  (87)
	Expr : Expr . '[' Expr ']' DEFAULT Expr  (88)

	.  reduce 85


state 210
	Expr : '[' Expr FOR IDENTIFIER IN . Expr BoolExpr ']'  (89)
	Receiver : .  (54)

	NULL  shift 53
	THIS  shift 54
	NEW  shift 60
	READ_INTEGER  shift 62
	READ_LINE  shift 63
	LITERAL  shift 64
	INSTANCEOF  shift 65
	'-'  shift 66
	'!'  shift 67
	'('  shift 68
	'['  shift 69
	VAR  shift 72
	IDENTIFIER  reduce 54

	Expr  goto 221
	LValue  goto 97
	Call  goto 98
	Receiver  goto 90
	Constant  goto 91


state 211
	ConstantList : Constant .  (96)

	.  reduce 96


state 212
	Receiver : Expr . '.'  (53)
	LValue : Expr . '[' Expr ']'  (56)
	Expr : Expr . DOUBLEPLUS Expr  (62)
	Expr : Expr . '+' Expr  (63)
	Expr : Expr . '-' Expr  (64)
	Expr : Expr . '*' Expr  (65)
	Expr : Expr . '/' Expr  (66)
	Expr : Expr . '%' Expr  (67)
	Expr : Expr . EQUAL Expr  (68)
	Expr : Expr . NOT_EQUAL Expr  (69)
	Expr : Expr . '<' Expr  (70)
	Expr : Expr . '>' Expr  (71)
	Expr : Expr . LESS_EQUAL Expr  (72)
	Expr : Expr . GREATER_EQUAL Expr  (73)
	Expr : Expr . AND Expr  (74)
	Expr : Expr . OR Expr  (75)
	Expr : Expr . ORIGIN Expr  (86)
	Expr : Expr . '[' Expr ':' Expr ']'  (87)
	Expr : Expr . '[' Expr ']' DEFAULT Expr  (88)
	OCStmt : SCOPY '(' IDENTIFIER ',' Expr . ')'  (111)

	AND  shift 119
	OR  shift 120
	LESS_EQUAL  shift 121
	GREATER_EQUAL  shift 122
	EQUAL  shift 123
	NOT_EQUAL  shift 124
	'+'  shift 125
	'-'  shift 126
	'*'  shift 127
	'/'  shift 128
	'%'  shift 129
	'>'  shift 130
	'<'  shift 131
	'.'  shift 132
	')'  shift 222
	'['  shift 133
	ORIGIN  shift 134
	DOUBLEPLUS  shift 135
	.  error


state 213
	ForeachStmt : FOREACH '(' BoundVariable IN Expr . WhileExpr ')' Stmt  (40)
	Receiver : Expr . '.'  (53)
	LValue : Expr . '[' Expr ']'  (56)
	Expr : Expr . DOUBLEPLUS Expr  (62)
	Expr : Expr . '+' Expr  (63)
	Expr : Expr . '-' Expr  (64)
	Expr : Expr . '*' Expr  (65)
	Expr : Expr . '/' Expr  (66)
	Expr : Expr . '%' Expr  (67)
	Expr : Expr . EQUAL Expr  (68)
	Expr : Expr . NOT_EQUAL Expr  (69)
	Expr : Expr . '<' Expr  (70)
	Expr : Expr . '>' Expr  (71)
	Expr : Expr . LESS_EQUAL Expr  (72)
	Expr : Expr . GREATER_EQUAL Expr  (73)
	Expr : Expr . AND Expr  (74)
	Expr : Expr . OR Expr  (75)
	Expr : Expr . ORIGIN Expr  (86)
	Expr : Expr . '[' Expr ':' Expr ']'  (87)
	Expr : Expr . '[' Expr ']' DEFAULT Expr  (88)
	WhileExpr : .  (42)

	WHILE  shift 223
	AND  shift 119
	OR  shift 120
	LESS_EQUAL  shift 121
	GREATER_EQUAL  shift 122
	EQUAL  shift 123
	NOT_EQUAL  shift 124
	'+'  shift 125
	'-'  shift 126
	'*'  shift 127
	'/'  shift 128
	'%'  shift 129
	'>'  shift 130
	'<'  shift 131
	'.'  shift 132
	'['  shift 133
	ORIGIN  shift 134
	DOUBLEPLUS  shift 135
	')'  reduce 42

	WhileExpr  goto 224


state 214
	Expr : Expr '[' Expr ']' DEFAULT . Expr  (88)
	Receiver : .  (54)

	NULL  shift 53
	THIS  shift 54
	NEW  shift 60
	READ_INTEGER  shift 62
	READ_LINE  shift 63
	LITERAL  shift 64
	INSTANCEOF  shift 65
	'-'  shift 66
	'!'  shift 67
	'('  shift 68
	'['  shift 69
	VAR  shift 72
	IDENTIFIER  reduce 54

	Expr  goto 225
	LValue  goto 97
	Call  goto 98
	Receiver  goto 90
	Constant  goto 91


state 215
	Receiver : Expr . '.'  (53)
	LValue : Expr . '[' Expr ']'  (56)
	Expr : Expr . DOUBLEPLUS Expr  (62)
	Expr : Expr . '+' Expr  (63)
	Expr : Expr . '-' Expr  (64)
	Expr : Expr . '*' Expr  (65)
	Expr : Expr . '/' Expr  (66)
	Expr : Expr . '%' Expr  (67)
	Expr : Expr . EQUAL Expr  (68)
	Expr : Expr . NOT_EQUAL Expr  (69)
	Expr : Expr . '<' Expr  (70)
	Expr : Expr . '>' Expr  (71)
	Expr : Expr . LESS_EQUAL Expr  (72)
	Expr : Expr . GREATER_EQUAL Expr  (73)
	Expr : Expr . AND Expr  (74)
	Expr : Expr . OR Expr  (75)
	Expr : Expr . ORIGIN Expr  (86)
	Expr : Expr . '[' Expr ':' Expr ']'  (87)
	Expr : Expr '[' Expr ':' Expr . ']'  (87)
	Expr : Expr . '[' Expr ']' DEFAULT Expr  (88)

	AND  shift 119
	OR  shift 120
	LESS_EQUAL  shift 121
	GREATER_EQUAL  shift 122
	EQUAL  shift 123
	NOT_EQUAL  shift 124
	'+'  shift 125
	'-'  shift 126
	'*'  shift 127
	'/'  shift 128
	'%'  shift 129
	'>'  shift 130
	'<'  shift 131
	'.'  shift 132
	'['  shift 133
	']'  shift 226
	ORIGIN  shift 134
	DOUBLEPLUS  shift 135
	.  error


state 216
	Call : Receiver IDENTIFIER '(' Actuals ')' .  (58)

	.  reduce 58


state 217
	ForStmt : FOR '(' SimpleStmt ';' Expr ';' . SimpleStmt ')' Stmt  (103)
	SimpleStmt : .  (52)
	Receiver : .  (54)

	NULL  shift 53
	THIS  shift 54
	NEW  shift 60
	READ_INTEGER  shift 62
	READ_LINE  shift 63
	LITERAL  shift 64
	INSTANCEOF  shift 65
	'-'  shift 66
	'!'  shift 67
	'('  shift 68
	'['  shift 69
	VAR  shift 72
	IDENTIFIER  reduce 54
	')'  reduce 52

	SimpleStmt  goto 227
	Expr  goto 87
	LValue  goto 88
	Call  goto 89
	Receiver  goto 90
	Constant  goto 91


state 218
	ElseClause : ELSE . Stmt  (106)
	SimpleStmt : .  (52)
	Receiver : .  (54)

	VOID  shift 17
	BOOL  shift 18
	INT  shift 19
	STRING  shift 20
	CLASS  shift 21
	NULL  shift 53
	THIS  shift 54
	WHILE  shift 55
	FOR  shift 56
	IF  shift 57
	RETURN  shift 58
	BREAK  shift 59
	NEW  shift 60
	PRINT  shift 61
	READ_INTEGER  shift 62
	READ_LINE  shift 63
	LITERAL  shift 64
	INSTANCEOF  shift 65
	'-'  shift 66
	'!'  shift 67
	'('  shift 68
	'['  shift 69
	'{'  shift 48
	SCOPY  shift 71
	VAR  shift 72
	FOREACH  shift 73
	IDENTIFIER  reduce 54
	';'  reduce 52

	VariableDef  goto 74
	Variable  goto 25
	Type  goto 40
	StmtBlock  goto 75
	Stmt  goto 228
	SimpleStmt  goto 77
	IfStmt  goto 78
	WhileStmt  goto 79
	ForStmt  goto 80
	ReturnStmt  goto 81
	PrintStmt  goto 82
	BreakStmt  goto 83
	OCStmt  goto 84
	GuardedStmt  goto 85
	ForeachStmt  goto 86
	Expr  goto 87
	LValue  goto 88
	Call  goto 89
	Receiver  goto 90
	Constant  goto 91


state 219
	IfStmt : IF '(' Expr ')' Stmt ElseClause .  (105)

	.  reduce 105


state 220
	Expr : INSTANCEOF '(' Expr ',' IDENTIFIER ')' .  (84)

	.  reduce 84


state 221
	Receiver : Expr . '.'  (53)
	LValue : Expr . '[' Expr ']'  (56)
	Expr : Expr . DOUBLEPLUS Expr  (62)
	Expr : Expr . '+' Expr  (63)
	Expr : Expr . '-' Expr  (64)
	Expr : Expr . '*' Expr  (65)
	Expr : Expr . '/' Expr  (66)
	Expr : Expr . '%' Expr  (67)
	Expr : Expr . EQUAL Expr  (68)
	Expr : Expr . NOT_EQUAL Expr  (69)
	Expr : Expr . '<' Expr  (70)
	Expr : Expr . '>' Expr  (71)
	Expr : Expr . LESS_EQUAL Expr  (72)
	Expr : Expr . GREATER_EQUAL Expr  (73)
	Expr : Expr . AND Expr  (74)
	Expr : Expr . OR Expr  (75)
	Expr : Expr . ORIGIN Expr  (86)
	Expr : Expr . '[' Expr ':' Expr ']'  (87)
	Expr : Expr . '[' Expr ']' DEFAULT Expr  (88)
	Expr : '[' Expr FOR IDENTIFIER IN Expr . BoolExpr ']'  (89)
	BoolExpr : .  (91)

	IF  shift 229
	AND  shift 119
	OR  shift 120
	LESS_EQUAL  shift 121
	GREATER_EQUAL  shift 122
	EQUAL  shift 123
	NOT_EQUAL  shift 124
	'+'  shift 125
	'-'  shift 126
	'*'  shift 127
	'/'  shift 128
	'%'  shift 129
	'>'  shift 130
	'<'  shift 131
	'.'  shift 132
	'['  shift 133
	ORIGIN  shift 134
	DOUBLEPLUS  shift 135
	']'  reduce 91

	BoolExpr  goto 230


state 222
	OCStmt : SCOPY '(' IDENTIFIER ',' Expr ')' .  (111)

	.  reduce 111


state 223
	WhileExpr : WHILE . Expr  (41)
	Receiver : .  (54)

	NULL  shift 53
	THIS  shift 54
	NEW  shift 60
	READ_INTEGER  shift 62
	READ_LINE  shift 63
	LITERAL  shift 64
	INSTANCEOF  shift 65
	'-'  shift 66
	'!'  shift 67
	'('  shift 68
	'['  shift 69
	VAR  shift 72
	IDENTIFIER  reduce 54

	Expr  goto 231
	LValue  goto 97
	Call  goto 98
	Receiver  goto 90
	Constant  goto 91


state 224
	ForeachStmt : FOREACH '(' BoundVariable IN Expr WhileExpr . ')' Stmt  (40)

	')'  shift 232
	.  error


state 225
	Receiver : Expr . '.'  (53)
	LValue : Expr . '[' Expr ']'  (56)
	Expr : Expr . DOUBLEPLUS Expr  (62)
	Expr : Expr . '+' Expr  (63)
	Expr : Expr . '-' Expr  (64)
	Expr : Expr . '*' Expr  (65)
	Expr : Expr . '/' Expr  (66)
	Expr : Expr . '%' Expr  (67)
	Expr : Expr . EQUAL Expr  (68)
	Expr : Expr . NOT_EQUAL Expr  (69)
	Expr : Expr . '<' Expr  (70)
	Expr : Expr . '>' Expr  (71)
	Expr : Expr . LESS_EQUAL Expr  (72)
	Expr : Expr . GREATER_EQUAL Expr  (73)
	Expr : Expr . AND Expr  (74)
	Expr : Expr . OR Expr  (75)
	Expr : Expr . ORIGIN Expr  (86)
	Expr : Expr . '[' Expr ':' Expr ']'  (87)
	Expr : Expr . '[' Expr ']' DEFAULT Expr  (88)
	Expr : Expr '[' Expr ']' DEFAULT Expr .  (88)

	'.'  shift 132
	'['  shift 133
	WHILE  reduce 88
	FOR  reduce 88
	IF  reduce 88
	AND  reduce 88
	OR  reduce 88
	LESS_EQUAL  reduce 88
	GREATER_EQUAL  reduce 88
	EQUAL  reduce 88
	NOT_EQUAL  reduce 88
	'+'  reduce 88
	'-'  reduce 88
	'*'  reduce 88
	'/'  reduce 88
	'%'  reduce 88
	'>'  reduce 88
	'<'  reduce 88
	','  reduce 88
	';'  reduce 88
	')'  reduce 88
	']'  reduce 88
	':'  reduce 88
	ORIGIN  reduce 88
	DOUBLEPLUS  reduce 88


state 226
	Expr : Expr '[' Expr ':' Expr ']' .  (87)

	.  reduce 87


state 227
	ForStmt : FOR '(' SimpleStmt ';' Expr ';' SimpleStmt . ')' Stmt  (103)

	')'  shift 233
	.  error


state 228
	ElseClause : ELSE Stmt .  (106)

	.  reduce 106


state 229
	BoolExpr : IF . Expr  (90)
	Receiver : .  (54)

	NULL  shift 53
	THIS  shift 54
	NEW  shift 60
	READ_INTEGER  shift 62
	READ_LINE  shift 63
	LITERAL  shift 64
	INSTANCEOF  shift 65
	'-'  shift 66
	'!'  shift 67
	'('  shift 68
	'['  shift 69
	VAR  shift 72
	IDENTIFIER  reduce 54

	Expr  goto 234
	LValue  goto 97
	Call  goto 98
	Receiver  goto 90
	Constant  goto 91


state 230
	Expr : '[' Expr FOR IDENTIFIER IN Expr BoolExpr . ']'  (89)

	']'  shift 235
	.  error


state 231
	WhileExpr : WHILE Expr .  (41)
	Receiver : Expr . '.'  (53)
	LValue : Expr . '[' Expr ']'  (56)
	Expr : Expr . DOUBLEPLUS Expr  (62)
	Expr : Expr . '+' Expr  (63)
	Expr : Expr . '-' Expr  (64)
	Expr : Expr . '*' Expr  (65)
	Expr : Expr . '/' Expr  (66)
	Expr : Expr . '%' Expr  (67)
	Expr : Expr . EQUAL Expr  (68)
	Expr : Expr . NOT_EQUAL Expr  (69)
	Expr : Expr . '<' Expr  (70)
	Expr : Expr . '>' Expr  (71)
	Expr : Expr . LESS_EQUAL Expr  (72)
	Expr : Expr . GREATER_EQUAL Expr  (73)
	Expr : Expr . AND Expr  (74)
	Expr : Expr . OR Expr  (75)
	Expr : Expr . ORIGIN Expr  (86)
	Expr : Expr . '[' Expr ':' Expr ']'  (87)
	Expr : Expr . '[' Expr ']' DEFAULT Expr  (88)

	AND  shift 119
	OR  shift 120
	LESS_EQUAL  shift 121
	GREATER_EQUAL  shift 122
	EQUAL  shift 123
	NOT_EQUAL  shift 124
	'+'  shift 125
	'-'  shift 126
	'*'  shift 127
	'/'  shift 128
	'%'  shift 129
	'>'  shift 130
	'<'  shift 131
	'.'  shift 132
	'['  shift 133
	ORIGIN  shift 134
	DOUBLEPLUS  shift 135
	')'  reduce 41


state 232
	ForeachStmt : FOREACH '(' BoundVariable IN Expr WhileExpr ')' . Stmt  (40)
	SimpleStmt : .  (52)
	Receiver : .  (54)

	VOID  shift 17
	BOOL  shift 18
	INT  shift 19
	STRING  shift 20
	CLASS  shift 21
	NULL  shift 53
	THIS  shift 54
	WHILE  shift 55
	FOR  shift 56
	IF  shift 57
	RETURN  shift 58
	BREAK  shift 59
	NEW  shift 60
	PRINT  shift 61
	READ_INTEGER  shift 62
	READ_LINE  shift 63
	LITERAL  shift 64
	INSTANCEOF  shift 65
	'-'  shift 66
	'!'  shift 67
	'('  shift 68
	'['  shift 69
	'{'  shift 48
	SCOPY  shift 71
	VAR  shift 72
	FOREACH  shift 73
	IDENTIFIER  reduce 54
	';'  reduce 52

	VariableDef  goto 74
	Variable  goto 25
	Type  goto 40
	StmtBlock  goto 75
	Stmt  goto 236
	SimpleStmt  goto 77
	IfStmt  goto 78
	WhileStmt  goto 79
	ForStmt  goto 80
	ReturnStmt  goto 81
	PrintStmt  goto 82
	BreakStmt  goto 83
	OCStmt  goto 84
	GuardedStmt  goto 85
	ForeachStmt  goto 86
	Expr  goto 87
	LValue  goto 88
	Call  goto 89
	Receiver  goto 90
	Constant  goto 91


state 233
	ForStmt : FOR '(' SimpleStmt ';' Expr ';' SimpleStmt ')' . Stmt  (103)
	SimpleStmt : .  (52)
	Receiver : .  (54)

	VOID  shift 17
	BOOL  shift 18
	INT  shift 19
	STRING  shift 20
	CLASS  shift 21
	NULL  shift 53
	THIS  shift 54
	WHILE  shift 55
	FOR  shift 56
	IF  shift 57
	RETURN  shift 58
	BREAK  shift 59
	NEW  shift 60
	PRINT  shift 61
	READ_INTEGER  shift 62
	READ_LINE  shift 63
	LITERAL  shift 64
	INSTANCEOF  shift 65
	'-'  shift 66
	'!'  shift 67
	'('  shift 68
	'['  shift 69
	'{'  shift 48
	SCOPY  shift 71
	VAR  shift 72
	FOREACH  shift 73
	IDENTIFIER  reduce 54
	';'  reduce 52

	VariableDef  goto 74
	Variable  goto 25
	Type  goto 40
	StmtBlock  goto 75
	Stmt  goto 237
	SimpleStmt  goto 77
	IfStmt  goto 78
	WhileStmt  goto 79
	ForStmt  goto 80
	ReturnStmt  goto 81
	PrintStmt  goto 82
	BreakStmt  goto 83
	OCStmt  goto 84
	GuardedStmt  goto 85
	ForeachStmt  goto 86
	Expr  goto 87
	LValue  goto 88
	Call  goto 89
	Receiver  goto 90
	Constant  goto 91


state 234
	Receiver : Expr . '.'  (53)
	LValue : Expr . '[' Expr ']'  (56)
	Expr : Expr . DOUBLEPLUS Expr  (62)
	Expr : Expr . '+' Expr  (63)
	Expr : Expr . '-' Expr  (64)
	Expr : Expr . '*' Expr  (65)
	Expr : Expr . '/' Expr  (66)
	Expr : Expr . '%' Expr  (67)
	Expr : Expr . EQUAL Expr  (68)
	Expr : Expr . NOT_EQUAL Expr  (69)
	Expr : Expr . '<' Expr  (70)
	Expr : Expr . '>' Expr  (71)
	Expr : Expr . LESS_EQUAL Expr  (72)
	Expr : Expr . GREATER_EQUAL Expr  (73)
	Expr : Expr . AND Expr  (74)
	Expr : Expr . OR Expr  (75)
	Expr : Expr . ORIGIN Expr  (86)
	Expr : Expr . '[' Expr ':' Expr ']'  (87)
	Expr : Expr . '[' Expr ']' DEFAULT Expr  (88)
	BoolExpr : IF Expr .  (90)

	AND  shift 119
	OR  shift 120
	LESS_EQUAL  shift 121
	GREATER_EQUAL  shift 122
	EQUAL  shift 123
	NOT_EQUAL  shift 124
	'+'  shift 125
	'-'  shift 126
	'*'  shift 127
	'/'  shift 128
	'%'  shift 129
	'>'  shift 130
	'<'  shift 131
	'.'  shift 132
	'['  shift 133
	ORIGIN  shift 134
	DOUBLEPLUS  shift 135
	']'  reduce 90


state 235
	Expr : '[' Expr FOR IDENTIFIER IN Expr BoolExpr ']' .  (89)

	.  reduce 89


state 236
	ForeachStmt : FOREACH '(' BoundVariable IN Expr WhileExpr ')' Stmt .  (40)

	.  reduce 40


state 237
	ForStmt : FOR '(' SimpleStmt ';' Expr ';' SimpleStmt ')' Stmt .  (103)

	.  reduce 103


60 terminals, 39 nonterminals
112 grammar rules, 238 states
